\BOOKMARK [0][-]{chapter.1}{\376\377\173\054\0001\172\340\000\040\000\040\177\026\172\013\142\200\135\347}{}% 1
\BOOKMARK [0][-]{chapter.2}{\376\377\173\054\0002\172\340\000\040\000\040\176\277\140\047\210\150}{}% 2
\BOOKMARK [1][-]{section.2.1}{\376\377\0002\000.\0001\000\040\145\160\176\304}{chapter.2}% 3
\BOOKMARK [2][-]{subsection.2.1.1}{\376\377\0002\000.\0001\000.\0001\000\040\000R\000e\000m\000o\000v\000e\000\040\000D\000u\000p\000l\000i\000c\000a\000t\000e\000s\000\040\000f\000r\000o\000m\000\040\000S\000o\000r\000t\000e\000d\000\040\000A\000r\000r\000a\000y}{section.2.1}% 4
\BOOKMARK [2][-]{subsection.2.1.2}{\376\377\0002\000.\0001\000.\0002\000\040\000R\000e\000m\000o\000v\000e\000\040\000D\000u\000p\000l\000i\000c\000a\000t\000e\000s\000\040\000f\000r\000o\000m\000\040\000S\000o\000r\000t\000e\000d\000\040\000A\000r\000r\000a\000y\000\040\000I\000I}{section.2.1}% 5
\BOOKMARK [2][-]{subsection.2.1.3}{\376\377\0002\000.\0001\000.\0003\000\040\000S\000e\000a\000r\000c\000h\000\040\000i\000n\000\040\000R\000o\000t\000a\000t\000e\000d\000\040\000S\000o\000r\000t\000e\000d\000\040\000A\000r\000r\000a\000y}{section.2.1}% 6
\BOOKMARK [2][-]{subsection.2.1.4}{\376\377\0002\000.\0001\000.\0004\000\040\000S\000e\000a\000r\000c\000h\000\040\000i\000n\000\040\000R\000o\000t\000a\000t\000e\000d\000\040\000S\000o\000r\000t\000e\000d\000\040\000A\000r\000r\000a\000y\000\040\000I\000I}{section.2.1}% 7
\BOOKMARK [2][-]{subsection.2.1.5}{\376\377\0002\000.\0001\000.\0005\000\040\000M\000e\000d\000i\000a\000n\000\040\000o\000f\000\040\000T\000w\000o\000\040\000S\000o\000r\000t\000e\000d\000\040\000A\000r\000r\000a\000y\000s}{section.2.1}% 8
\BOOKMARK [2][-]{subsection.2.1.6}{\376\377\0002\000.\0001\000.\0006\000\040\000L\000o\000n\000g\000e\000s\000t\000\040\000C\000o\000n\000s\000e\000c\000u\000t\000i\000v\000e\000\040\000S\000e\000q\000u\000e\000n\000c\000e}{section.2.1}% 9
\BOOKMARK [2][-]{subsection.2.1.7}{\376\377\0002\000.\0001\000.\0007\000\040\000T\000w\000o\000\040\000S\000u\000m}{section.2.1}% 10
\BOOKMARK [2][-]{subsection.2.1.8}{\376\377\0002\000.\0001\000.\0008\000\040\0003\000S\000u\000m}{section.2.1}% 11
\BOOKMARK [2][-]{subsection.2.1.9}{\376\377\0002\000.\0001\000.\0009\000\040\0003\000S\000u\000m\000\040\000C\000l\000o\000s\000e\000s\000t}{section.2.1}% 12
\BOOKMARK [2][-]{subsection.2.1.10}{\376\377\0002\000.\0001\000.\0001\0000\000\040\0004\000S\000u\000m}{section.2.1}% 13
\BOOKMARK [2][-]{subsection.2.1.11}{\376\377\0002\000.\0001\000.\0001\0001\000\040\000R\000e\000m\000o\000v\000e\000\040\000E\000l\000e\000m\000e\000n\000t}{section.2.1}% 14
\BOOKMARK [2][-]{subsection.2.1.12}{\376\377\0002\000.\0001\000.\0001\0002\000\040\000N\000e\000x\000t\000\040\000P\000e\000r\000m\000u\000t\000a\000t\000i\000o\000n}{section.2.1}% 15
\BOOKMARK [2][-]{subsection.2.1.13}{\376\377\0002\000.\0001\000.\0001\0003\000\040\000P\000e\000r\000m\000u\000t\000a\000t\000i\000o\000n\000\040\000S\000e\000q\000u\000e\000n\000c\000e}{section.2.1}% 16
\BOOKMARK [2][-]{subsection.2.1.14}{\376\377\0002\000.\0001\000.\0001\0004\000\040\000V\000a\000l\000i\000d\000\040\000S\000u\000d\000o\000k\000u}{section.2.1}% 17
\BOOKMARK [2][-]{subsection.2.1.15}{\376\377\0002\000.\0001\000.\0001\0005\000\040\000T\000r\000a\000p\000p\000i\000n\000g\000\040\000R\000a\000i\000n\000\040\000W\000a\000t\000e\000r}{section.2.1}% 18
\BOOKMARK [2][-]{subsection.2.1.16}{\376\377\0002\000.\0001\000.\0001\0006\000\040\000R\000o\000t\000a\000t\000e\000\040\000I\000m\000a\000g\000e}{section.2.1}% 19
\BOOKMARK [2][-]{subsection.2.1.17}{\376\377\0002\000.\0001\000.\0001\0007\000\040\000P\000l\000u\000s\000\040\000O\000n\000e}{section.2.1}% 20
\BOOKMARK [2][-]{subsection.2.1.18}{\376\377\0002\000.\0001\000.\0001\0008\000\040\000C\000l\000i\000m\000b\000i\000n\000g\000\040\000S\000t\000a\000i\000r\000s}{section.2.1}% 21
\BOOKMARK [2][-]{subsection.2.1.19}{\376\377\0002\000.\0001\000.\0001\0009\000\040\000G\000r\000a\000y\000\040\000C\000o\000d\000e}{section.2.1}% 22
\BOOKMARK [2][-]{subsection.2.1.20}{\376\377\0002\000.\0001\000.\0002\0000\000\040\000S\000e\000t\000\040\000M\000a\000t\000r\000i\000x\000\040\000Z\000e\000r\000o\000e\000s}{section.2.1}% 23
\BOOKMARK [2][-]{subsection.2.1.21}{\376\377\0002\000.\0001\000.\0002\0001\000\040\000G\000a\000s\000\040\000S\000t\000a\000t\000i\000o\000n}{section.2.1}% 24
\BOOKMARK [2][-]{subsection.2.1.22}{\376\377\0002\000.\0001\000.\0002\0002\000\040\000C\000a\000n\000d\000y}{section.2.1}% 25
\BOOKMARK [2][-]{subsection.2.1.23}{\376\377\0002\000.\0001\000.\0002\0003\000\040\000S\000i\000n\000g\000l\000e\000\040\000N\000u\000m\000b\000e\000r}{section.2.1}% 26
\BOOKMARK [2][-]{subsection.2.1.24}{\376\377\0002\000.\0001\000.\0002\0004\000\040\000S\000i\000n\000g\000l\000e\000\040\000N\000u\000m\000b\000e\000r\000\040\000I\000I}{section.2.1}% 27
\BOOKMARK [2][-]{subsection.2.1.25}{\376\377\0002\000.\0001\000.\0002\0005\000\040\000V\000e\000c\000t\000o\000r\000\040\000C\000l\000a\000s\000s}{section.2.1}% 28
\BOOKMARK [2][-]{subsection.2.1.26}{\376\377\0002\000.\0001\000.\0002\0006\000\040\000N\000\040\000P\000a\000r\000k\000i\000n\000g\000\040\000S\000l\000o\000t\000s\000\040\000f\000o\000r\000\040\000N\000-\0001\000\040\000C\000a\000r\000s\000\040\000S\000o\000r\000t\000i\000n\000g}{section.2.1}% 29
\BOOKMARK [1][-]{section.2.2}{\376\377\0002\000.\0002\000\040\123\125\224\376\210\150}{chapter.2}% 30
\BOOKMARK [2][-]{subsection.2.2.1}{\376\377\0002\000.\0002\000.\0001\000\040\000A\000d\000d\000\040\000T\000w\000o\000\040\000N\000u\000m\000b\000e\000r\000s}{section.2.2}% 31
\BOOKMARK [2][-]{subsection.2.2.2}{\376\377\0002\000.\0002\000.\0002\000\040\000R\000e\000v\000e\000r\000s\000e\000\040\000L\000i\000n\000k\000e\000d\000\040\000L\000i\000s\000t\000\040\000I\000I}{section.2.2}% 32
\BOOKMARK [2][-]{subsection.2.2.3}{\376\377\0002\000.\0002\000.\0003\000\040\000P\000a\000r\000t\000i\000t\000i\000o\000n\000\040\000L\000i\000s\000t}{section.2.2}% 33
\BOOKMARK [2][-]{subsection.2.2.4}{\376\377\0002\000.\0002\000.\0004\000\040\000R\000e\000m\000o\000v\000e\000\040\000D\000u\000p\000l\000i\000c\000a\000t\000e\000s\000\040\000f\000r\000o\000m\000\040\000S\000o\000r\000t\000e\000d\000\040\000L\000i\000s\000t}{section.2.2}% 34
\BOOKMARK [2][-]{subsection.2.2.5}{\376\377\0002\000.\0002\000.\0005\000\040\000R\000e\000m\000o\000v\000e\000\040\000D\000u\000p\000l\000i\000c\000a\000t\000e\000s\000\040\000f\000r\000o\000m\000\040\000S\000o\000r\000t\000e\000d\000\040\000L\000i\000s\000t\000\040\000I\000I}{section.2.2}% 35
\BOOKMARK [2][-]{subsection.2.2.6}{\376\377\0002\000.\0002\000.\0006\000\040\000R\000o\000t\000a\000t\000e\000\040\000L\000i\000s\000t}{section.2.2}% 36
\BOOKMARK [2][-]{subsection.2.2.7}{\376\377\0002\000.\0002\000.\0007\000\040\000R\000e\000m\000o\000v\000e\000\040\000N\000t\000h\000\040\000N\000o\000d\000e\000\040\000F\000r\000o\000m\000\040\000E\000n\000d\000\040\000o\000f\000\040\000L\000i\000s\000t}{section.2.2}% 37
\BOOKMARK [2][-]{subsection.2.2.8}{\376\377\0002\000.\0002\000.\0008\000\040\000S\000w\000a\000p\000\040\000N\000o\000d\000e\000s\000\040\000i\000n\000\040\000P\000a\000i\000r\000s}{section.2.2}% 38
\BOOKMARK [2][-]{subsection.2.2.9}{\376\377\0002\000.\0002\000.\0009\000\040\000R\000e\000v\000e\000r\000s\000e\000\040\000N\000o\000d\000e\000s\000\040\000i\000n\000\040\000k\000-\000G\000r\000o\000u\000p}{section.2.2}% 39
\BOOKMARK [2][-]{subsection.2.2.10}{\376\377\0002\000.\0002\000.\0001\0000\000\040\000C\000o\000p\000y\000\040\000L\000i\000s\000t\000\040\000w\000i\000t\000h\000\040\000R\000a\000n\000d\000o\000m\000\040\000P\000o\000i\000n\000t\000e\000r}{section.2.2}% 40
\BOOKMARK [2][-]{subsection.2.2.11}{\376\377\0002\000.\0002\000.\0001\0001\000\040\000L\000i\000n\000k\000e\000d\000\040\000L\000i\000s\000t\000\040\000C\000y\000c\000l\000e}{section.2.2}% 41
\BOOKMARK [2][-]{subsection.2.2.12}{\376\377\0002\000.\0002\000.\0001\0002\000\040\000L\000i\000n\000k\000e\000d\000\040\000L\000i\000s\000t\000\040\000C\000y\000c\000l\000e\000\040\000I\000I}{section.2.2}% 42
\BOOKMARK [2][-]{subsection.2.2.13}{\376\377\0002\000.\0002\000.\0001\0003\000\040\000R\000e\000o\000r\000d\000e\000r\000\040\000L\000i\000s\000t}{section.2.2}% 43
\BOOKMARK [2][-]{subsection.2.2.14}{\376\377\0002\000.\0002\000.\0001\0004\000\040\000L\000R\000U\000\040\000C\000a\000c\000h\000e}{section.2.2}% 44
\BOOKMARK [0][-]{chapter.3}{\376\377\173\054\0003\172\340\000\040\000\040\133\127\173\046\116\062}{}% 45
\BOOKMARK [1][-]{section.3.1}{\376\377\0003\000.\0001\000\040\133\127\173\046\116\062\000A\000P\000I}{chapter.3}% 46
\BOOKMARK [2][-]{subsection.3.1.1}{\376\377\0003\000.\0001\000.\0001\000\040\000s\000t\000r\000l\000e\000n}{section.3.1}% 47
\BOOKMARK [2][-]{subsection.3.1.2}{\376\377\0003\000.\0001\000.\0002\000\040\000s\000t\000r\000c\000p\000y}{section.3.1}% 48
\BOOKMARK [2][-]{subsection.3.1.3}{\376\377\0003\000.\0001\000.\0003\000\040\000s\000t\000r\000s\000t\000r}{section.3.1}% 49
\BOOKMARK [2][-]{subsection.3.1.4}{\376\377\0003\000.\0001\000.\0004\000\040\000a\000t\000o\000i}{section.3.1}% 50
\BOOKMARK [2][-]{subsection.3.1.5}{\376\377\0003\000.\0001\000.\0005\000\040\000M\000i\000n\000i\000m\000a\000l\000\040\000P\000h\000a\000s\000e\000s\000\040\000C\000o\000v\000e\000r\000i\000n\000g}{section.3.1}% 51
\BOOKMARK [1][-]{section.3.2}{\376\377\0003\000.\0002\000\040\133\127\173\046\116\062\143\222\136\217}{chapter.3}% 52
\BOOKMARK [1][-]{section.3.3}{\376\377\0003\000.\0003\000\040\123\125\213\315\147\345\142\176\150\021}{chapter.3}% 53
\BOOKMARK [1][-]{section.3.4}{\376\377\0003\000.\0004\000\040\000M\000a\000k\000e\000u\000p\000\040\000P\000a\000l\000i\000n\000d\000r\000o\000m\000e\000\040\000S\000t\000r\000i\000n\000g}{chapter.3}% 54
\BOOKMARK [1][-]{section.3.5}{\376\377\0003\000.\0005\000\040\133\120\116\062\147\345\142\176}{chapter.3}% 55
\BOOKMARK [2][-]{subsection.3.5.1}{\376\377\0003\000.\0005\000.\0001\000\040\000K\000M\000P\173\227\154\325}{section.3.5}% 56
\BOOKMARK [2][-]{subsection.3.5.2}{\376\377\0003\000.\0005\000.\0002\000\040\000B\000o\000y\000e\000r\000-\000M\000o\000o\000r\000e\173\227\154\325}{section.3.5}% 57
\BOOKMARK [2][-]{subsection.3.5.3}{\376\377\0003\000.\0005\000.\0003\000\040\000R\000a\000b\000i\000n\000-\000K\000a\000r\000p\173\227\154\325}{section.3.5}% 58
\BOOKMARK [2][-]{subsection.3.5.4}{\376\377\0003\000.\0005\000.\0004\000\040\140\073\176\323}{section.3.5}% 59
\BOOKMARK [1][-]{section.3.6}{\376\377\0003\000.\0006\000\040\153\143\122\031\210\150\217\276\137\017}{chapter.3}% 60
\BOOKMARK [2][-]{subsection.3.6.1}{\376\377\0003\000.\0006\000.\0001\000\040\000S\000a\000m\000e\000\040\000P\000a\000t\000t\000e\000r\000n\000\040\000M\000a\000t\000c\000h}{section.3.6}% 61
\BOOKMARK [0][-]{chapter.4}{\376\377\173\054\0004\172\340\000\040\000\040\150\010\124\214\226\037\122\027}{}% 62
\BOOKMARK [1][-]{section.4.1}{\376\377\0004\000.\0001\000\040\150\010}{chapter.4}% 63
\BOOKMARK [2][-]{subsection.4.1.1}{\376\377\0004\000.\0001\000.\0001\000\040\154\111\213\372\130\124\225\356\230\230}{section.4.1}% 64
\BOOKMARK [2][-]{subsection.4.1.2}{\376\377\0004\000.\0001\000.\0002\000\040\217\333\122\066\217\154\143\142}{section.4.1}% 65
\BOOKMARK [2][-]{subsection.4.1.3}{\376\377\0004\000.\0001\000.\0003\000\040\000D\000e\000s\000i\000g\000n\000\040\000Q\000u\000e\000u\000e\000\040\000b\000y\000\040\000S\000t\000a\000c\000k}{section.4.1}% 66
\BOOKMARK [1][-]{section.4.2}{\376\377\0004\000.\0002\000\040\226\037\122\027}{chapter.4}% 67
\BOOKMARK [2][-]{subsection.4.2.1}{\376\377\0004\000.\0002\000.\0001\000\040\142\123\123\160\147\150\217\211\116\011\211\322}{section.4.2}% 68
\BOOKMARK [0][-]{chapter.5}{\376\377\173\054\0005\172\340\000\040\000\040\150\021}{}% 69
\BOOKMARK [1][-]{section.5.1}{\376\377\0005\000.\0001\000\040\000B\000S\000T}{chapter.5}% 70
\BOOKMARK [1][-]{section.5.2}{\376\377\0005\000.\0002\000\040\116\214\123\311\150\021\166\204\220\115\123\206}{chapter.5}% 71
\BOOKMARK [1][-]{section.5.3}{\376\377\0005\000.\0003\000\040\176\277\175\042\116\214\123\311\150\021}{chapter.5}% 72
\BOOKMARK [1][-]{section.5.4}{\376\377\0005\000.\0004\000\040\000M\000o\000r\000r\000i\000s\000\040\000T\000r\000a\000v\000e\000r\000s\000a\000l}{chapter.5}% 73
\BOOKMARK [2][-]{subsection.5.4.1}{\376\377\0005\000.\0004\000.\0001\000\040\000M\000o\000r\000r\000i\000s\116\055\136\217\220\115\123\206}{section.5.4}% 74
\BOOKMARK [2][-]{subsection.5.4.2}{\376\377\0005\000.\0004\000.\0002\000\040\000M\000o\000r\000r\000i\000s\121\110\136\217\220\115\123\206}{section.5.4}% 75
\BOOKMARK [2][-]{subsection.5.4.3}{\376\377\0005\000.\0004\000.\0003\000\040\000M\000o\000r\000r\000i\000s\124\016\136\217\220\115\123\206}{section.5.4}% 76
\BOOKMARK [2][-]{subsection.5.4.4}{\376\377\0005\000.\0004\000.\0004\000\040\000C\213\355\212\000\133\236\163\260}{section.5.4}% 77
\BOOKMARK [1][-]{section.5.5}{\376\377\0005\000.\0005\000\040\221\315\136\372\116\214\123\311\150\021}{chapter.5}% 78
\BOOKMARK [1][-]{section.5.6}{\376\377\0005\000.\0006\000\040\130\006}{chapter.5}% 79
\BOOKMARK [2][-]{subsection.5.6.1}{\376\377\0005\000.\0006\000.\0001\000\040\123\237\164\006\124\214\133\236\163\260}{section.5.6}% 80
\BOOKMARK [2][-]{subsection.5.6.2}{\376\377\0005\000.\0006\000.\0002\000\040\147\000\134\017\166\204\000N\116\052\124\214}{section.5.6}% 81
\BOOKMARK [1][-]{section.5.7}{\376\377\0005\000.\0007\000\040\136\166\147\345\226\306}{chapter.5}% 82
\BOOKMARK [2][-]{subsection.5.7.1}{\376\377\0005\000.\0007\000.\0001\000\040\123\237\164\006\124\214\133\236\163\260}{section.5.7}% 83
\BOOKMARK [2][-]{subsection.5.7.2}{\376\377\0005\000.\0007\000.\0002\000\040\165\305\153\322\141\037\147\323\200\005}{section.5.7}% 84
\BOOKMARK [2][-]{subsection.5.7.3}{\376\377\0005\000.\0007\000.\0003\000\040\116\044\116\052\236\321\136\056}{section.5.7}% 85
\BOOKMARK [2][-]{subsection.5.7.4}{\376\377\0005\000.\0007\000.\0004\000\040\230\337\162\151\224\376}{section.5.7}% 86
\BOOKMARK [1][-]{section.5.8}{\376\377\0005\000.\0008\000\040\176\277\153\265\150\021}{chapter.5}% 87
\BOOKMARK [2][-]{subsection.5.8.1}{\376\377\0005\000.\0008\000.\0001\000\040\123\237\164\006\124\214\133\236\163\260}{section.5.8}% 88
\BOOKMARK [2][-]{subsection.5.8.2}{\376\377\0005\000.\0008\000.\0002\000\040\000B\000a\000l\000a\000n\000c\000e\000d\000\040\000L\000i\000n\000e\000u\000p}{section.5.8}% 89
\BOOKMARK [2][-]{subsection.5.8.3}{\376\377\0005\000.\0008\000.\0003\000\040\176\277\153\265\150\021\176\303\116\140\000\040\0001}{section.5.8}% 90
\BOOKMARK [2][-]{subsection.5.8.4}{\376\377\0005\000.\0008\000.\0004\000\040\000A\000\040\000S\000i\000m\000p\000l\000e\000\040\000P\000r\000o\000b\000l\000e\000m\000\040\000w\000i\000t\000h\000\040\000I\000n\000t\000e\000g\000e\000r\000s}{section.5.8}% 91
\BOOKMARK [2][-]{subsection.5.8.5}{\376\377\0005\000.\0008\000.\0005\000\040\176\246\164\137\131\053\225\356\230\230}{section.5.8}% 92
\BOOKMARK [1][-]{section.5.9}{\376\377\0005\000.\0009\000\040\000T\000r\000i\000e\000\040\150\021}{chapter.5}% 93
\BOOKMARK [2][-]{subsection.5.9.1}{\376\377\0005\000.\0009\000.\0001\000\040\123\237\164\006\124\214\133\236\163\260}{section.5.9}% 94
\BOOKMARK [2][-]{subsection.5.9.2}{\376\377\0005\000.\0009\000.\0002\000\040\000I\000m\000m\000e\000d\000i\000a\000t\000e\000\040\000D\000e\000c\000o\000d\000e\000b\000i\000l\000i\000t\000y}{section.5.9}% 95
\BOOKMARK [2][-]{subsection.5.9.3}{\376\377\0005\000.\0009\000.\0003\000\040\000H\000a\000r\000d\000w\000o\000o\000d\000\040\000S\000p\000e\000c\000i\000e\000s}{section.5.9}% 96
\BOOKMARK [1][-]{section.5.10}{\376\377\0005\000.\0001\0000\000\040\000E\000x\000p\000r\000e\000s\000s\000i\000o\000n\000\040\000T\000r\000e\000e}{chapter.5}% 97
\BOOKMARK [0][-]{chapter.6}{\376\377\173\054\0006\172\340\000\040\000\040\147\345\142\176}{}% 98
\BOOKMARK [1][-]{section.6.1}{\376\377\0006\000.\0001\000\040\142\230\123\112\147\345\142\176}{chapter.6}% 99
\BOOKMARK [1][-]{section.6.2}{\376\377\0006\000.\0002\000\040\124\310\136\014\210\150}{chapter.6}% 100
\BOOKMARK [2][-]{subsection.6.2.1}{\376\377\0006\000.\0002\000.\0001\000\040\123\237\164\006\124\214\133\236\163\260}{section.6.2}% 101
\BOOKMARK [2][-]{subsection.6.2.2}{\376\377\0006\000.\0002\000.\0002\000\040\000B\000a\000b\000e\000l\000f\000i\000s\000h}{section.6.2}% 102
