This is XeTeX, Version 3.14159265-2.6-0.99991 (TeX Live 2014) (preloaded format=xelatex 2014.12.9)  30 DEC 2014 15:36
entering extended mode
 restricted \write18 enabled.
 %&-line parsing enabled.
**ACM-cheat-sheet.tex
(./ACM-cheat-sheet.tex
LaTeX2e <2014/05/01>
Babel <3.9k> and hyphenation patterns for 78 languages loaded.
(/usr/local/texlive/2014/texmf-dist/tex/latex/ctex/ctexbook.cls
Document Class: ctexbook 2014/06/09 v1.02d ctexbook document class
(/usr/local/texlive/2014/texmf-dist/tex/latex/ctex/opt/ctex-common-opts.def)
(/usr/local/texlive/2014/texmf-dist/tex/latex/ctex/opt/ctex-caption-opts.def
\c@CTEX@sectiondepth=\count80
)
(/usr/local/texlive/2014/texmf-dist/tex/latex/ctex/opt/ctex-class-opts.def)
(/usr/local/texlive/2014/texmf-dist/tex/latex/ctex/def/ctex-loadclass.def
(/usr/local/texlive/2014/texmf-dist/tex/latex/base/book.cls
Document Class: book 2007/10/19 v1.4h Standard LaTeX document class
(/usr/local/texlive/2014/texmf-dist/tex/latex/base/bk10.clo
File: bk10.clo 2007/10/19 v1.4h Standard LaTeX file (size option)
)
\c@part=\count81
\c@chapter=\count82
\c@section=\count83
\c@subsection=\count84
\c@subsubsection=\count85
\c@paragraph=\count86
\c@subparagraph=\count87
\c@figure=\count88
\c@table=\count89
\abovecaptionskip=\skip41
\belowcaptionskip=\skip42
\bibindent=\dimen102
))
(/usr/local/texlive/2014/texmf-dist/tex/latex/ctex/def/ctex-common.def
(/usr/local/texlive/2014/texmf-dist/tex/latex/l3kernel/expl3.sty
Package: expl3 2014/05/20 v4814 L3 programming layer (loader) 

(/usr/local/texlive/2014/texmf-dist/tex/generic/oberdiek/ifpdf.sty
Package: ifpdf 2011/01/30 v2.3 Provides the ifpdf switch (HO)
Package ifpdf Info: pdfTeX in PDF mode is not detected.
)
(/usr/local/texlive/2014/texmf-dist/tex/latex/l3kernel/expl3-code.tex
Package: expl3 2014/05/20 v4814 L3 programming layer (code) 
L3 Module: l3bootstrap 2014/05/16 v4782 L3 Bootstrap code

(/usr/local/texlive/2014/texmf-dist/tex/latex/etex-pkg/etex.sty
Package: etex 1998/03/26 v2.0 eTeX basic definition package (PEB)
\et@xins=\count90
)
L3 Module: l3names 2014/05/04 v4728 L3 Namespace for primitives
L3 Module: l3basics 2014/05/04 v4728 L3 Basic definitions
L3 Module: l3expan 2014/04/30 v4712 L3 Argument expansion
L3 Module: l3tl 2014/05/04 v4728 L3 Token lists
L3 Module: l3seq 2014/04/30 v4712 L3 Sequences and stacks
L3 Module: l3int 2014/05/16 v4776 L3 Integers
\c_max_int=\count91
\l_tmpa_int=\count92
\l_tmpb_int=\count93
\g_tmpa_int=\count94
\g_tmpb_int=\count95
L3 Module: l3quark 2014/05/04 v4728 L3 Quarks
L3 Module: l3prg 2014/05/04 v4728 L3 Control structures
\g__prg_map_int=\count96
L3 Module: l3clist 2014/05/04 v4728 L3 Comma separated lists
L3 Module: l3token 2014/05/04 v4728 L3 Experimental token manipulation
L3 Module: l3prop 2014/04/30 v4712 L3 Property lists
L3 Module: l3msg 2014/05/04 v4728 L3 Messages
L3 Module: l3file 2014/05/05 v4737 L3 File and I/O operations
\l_iow_line_count_int=\count97
\l__iow_target_count_int=\count98
\l__iow_current_line_int=\count99
\l__iow_current_word_int=\count100
\l__iow_current_indentation_int=\count101
L3 Module: l3skip 2014/05/05 v4738 L3 Dimensions and skips
\c_zero_dim=\dimen103
\c_max_dim=\dimen104
\l_tmpa_dim=\dimen105
\l_tmpb_dim=\dimen106
\g_tmpa_dim=\dimen107
\g_tmpb_dim=\dimen108
\c_zero_skip=\skip43
\c_max_skip=\skip44
\l_tmpa_skip=\skip45
\l_tmpb_skip=\skip46
\g_tmpa_skip=\skip47
\g_tmpb_skip=\skip48
\c_zero_muskip=\muskip10
\c_max_muskip=\muskip11
\l_tmpa_muskip=\muskip12
\l_tmpb_muskip=\muskip13
\g_tmpa_muskip=\muskip14
\g_tmpb_muskip=\muskip15
L3 Module: l3keys 2014/05/08 v4753 L3 Key-value interfaces
\g__keyval_level_int=\count102
\l_keys_choice_int=\count103
L3 Module: l3fp 2014/04/30 v4712 L3 Floating points
\c__fp_leading_shift_int=\count104
\c__fp_middle_shift_int=\count105
\c__fp_trailing_shift_int=\count106
\c__fp_big_leading_shift_int=\count107
\c__fp_big_middle_shift_int=\count108
\c__fp_big_trailing_shift_int=\count109
\c__fp_Bigg_leading_shift_int=\count110
\c__fp_Bigg_middle_shift_int=\count111
\c__fp_Bigg_trailing_shift_int=\count112
L3 Module: l3box 2014/05/04 v4728 L3 Experimental boxes
\c_empty_box=\box26
\l_tmpa_box=\box27
\l_tmpb_box=\box28
\g_tmpa_box=\box29
\g_tmpb_box=\box30
L3 Module: l3coffins 2014/05/04 v4728 L3 Coffin code layer
\l__coffin_internal_box=\box31
\l__coffin_internal_dim=\dimen109
\l__coffin_offset_x_dim=\dimen110
\l__coffin_offset_y_dim=\dimen111
\l__coffin_x_dim=\dimen112
\l__coffin_y_dim=\dimen113
\l__coffin_x_prime_dim=\dimen114
\l__coffin_y_prime_dim=\dimen115
\c_empty_coffin=\box32
\l__coffin_aligned_coffin=\box33
\l__coffin_aligned_internal_coffin=\box34
\l_tmpa_coffin=\box35
\l_tmpb_coffin=\box36
\l__coffin_display_coffin=\box37
\l__coffin_display_coord_coffin=\box38
\l__coffin_display_pole_coffin=\box39
\l__coffin_display_offset_dim=\dimen116
\l__coffin_display_x_dim=\dimen117
\l__coffin_display_y_dim=\dimen118
L3 Module: l3color 2014/04/30 v4712 L3 Experimental color support
L3 Module: l3luatex 2014/04/30 v4712 L3 Experimental LuaTeX-specific functions
\g__cctab_allocate_int=\count113
\g__cctab_stack_int=\count114
L3 Module: l3candidates 2014/05/04 v4734 L3 Experimental additions to l3kernel
\l__box_top_dim=\dimen119
\l__box_bottom_dim=\dimen120
\l__box_left_dim=\dimen121
\l__box_right_dim=\dimen122
\l__box_top_new_dim=\dimen123
\l__box_bottom_new_dim=\dimen124
\l__box_left_new_dim=\dimen125
\l__box_right_new_dim=\dimen126
\l__box_internal_box=\box40
\l__coffin_bounding_shift_dim=\dimen127
\l__coffin_left_corner_dim=\dimen128
\l__coffin_right_corner_dim=\dimen129
\l__coffin_bottom_corner_dim=\dimen130
\l__coffin_top_corner_dim=\dimen131
\l__coffin_scaled_total_height_dim=\dimen132
\l__coffin_scaled_width_dim=\dimen133
))
(/usr/local/texlive/2014/texmf-dist/tex/latex/etoolbox/etoolbox.sty
Package: etoolbox 2011/01/03 v2.1 e-TeX tools for LaTeX
\etb@tempcnta=\count115
)
(/usr/local/texlive/2014/texmf-dist/tex/generic/ifxetex/ifxetex.sty
Package: ifxetex 2010/09/12 v0.6 Provides ifxetex conditional
)
(/usr/local/texlive/2014/texmf-dist/tex/latex/graphics/keyval.sty
Package: keyval 2014/05/08 v1.15 key=value parser (DPC)
\KV@toks@=\toks14
)
(/usr/local/texlive/2014/texmf-dist/tex/latex/tools/indentfirst.sty
Package: indentfirst 1995/11/23 v1.03 Indent first paragraph (DPC)
)
(/usr/local/texlive/2014/texmf-dist/tex/latex/base/fix-cm.sty
Package: fix-cm 2014/05/13 v1.1q fixes to LaTeX

(/usr/local/texlive/2014/texmf-dist/tex/latex/base/ts1enc.def
File: ts1enc.def 2001/06/05 v3.0e (jk/car/fm) Standard LaTeX file
))
(/usr/local/texlive/2014/texmf-dist/tex/latex/fancyhdr/fancyhdr.sty
\fancy@headwidth=\skip49
\f@ncyO@elh=\skip50
\f@ncyO@erh=\skip51
\f@ncyO@olh=\skip52
\f@ncyO@orh=\skip53
\f@ncyO@elf=\skip54
\f@ncyO@erf=\skip55
\f@ncyO@olf=\skip56
\f@ncyO@orf=\skip57
)
(/usr/local/texlive/2014/texmf-dist/tex/latex/ctex/engine/ctex-xecjk-engine.def
(/usr/local/texlive/2014/texmf-dist/tex/latex/savesym/savesym.sty
Package: savesym 2013/09/02 v1.2 Saves and restores symbols (JG)
)
(/usr/local/texlive/2014/texmf-dist/tex/xelatex/xecjk/xeCJK.sty
Package: xeCJK 2014/05/13 v3.2.12 Typesetting CJK scripts with XeLaTeX

(/usr/local/texlive/2014/texmf-dist/tex/latex/l3packages/xtemplate/xtemplate.st
y
Package: xtemplate 2014/05/05 v4740 L3 Experimental prototype document function
s
\l__xtemplate_tmp_dim=\dimen134
\l__xtemplate_tmp_int=\count116
\l__xtemplate_tmp_muskip=\muskip16
\l__xtemplate_tmp_skip=\skip58
Variant \prop_get:NoNTF already defined; not changing it on line 106
Variant \prop_get:NoNT already defined; not changing it on line 107
Variant \prop_get:NoNF already defined; not changing it on line 108
) (/usr/local/texlive/2014/texmf-dist/tex/latex/l3packages/xparse/xparse.sty
Package: xparse 2014/05/05 v4740 L3 Experimental document command parser
\l__xparse_current_arg_int=\count117
\l__xparse_m_args_int=\count118
\l__xparse_mandatory_args_int=\count119
\l__xparse_processor_int=\count120
\l__xparse_v_nesting_int=\count121
)
(/usr/local/texlive/2014/texmf-dist/tex/latex/l3packages/l3keys2e/l3keys2e.sty
Package: l3keys2e 2014/05/05 v4740 LaTeX2e option processing using LaTeX3 keys
) (/usr/local/texlive/2014/texmf-dist/tex/latex/everypage/everypage.sty
Package: everypage 2007/06/20 1.1 Hooks to run on every page
)
\l__xeCJK_tmp_int=\count122
\l__xeCJK_tmp_box=\box41
\l__xeCJK_tmp_dim=\dimen135
\l__xeCJK_tmp_skip=\skip59
.................................................
. LaTeX info: "xparse/define-command"
. 
. Defining document command \xeCJKShipoutHook with arg. spec. '' on line 145.
.................................................
\g__xeCJK_spacefactor_int=\count123
\l__xeCJK_begin_int=\count124
\l__xeCJK_end_int=\count125
.................................................
. LaTeX info: "xparse/define-command"
. 
. Defining document command \makexeCJKactive with arg. spec. '' on line 363.
.................................................
.................................................
. LaTeX info: "xparse/define-command"
. 
. Defining document command \makexeCJKinactive with arg. spec. '' on line 364.
.................................................
\c__xeCJK_HalfLeft_class_int=\XeTeXintercharclass4
\c__xeCJK_HalfRight_class_int=\XeTeXintercharclass5
\c__xeCJK_NormalSpace_class_int=\XeTeXintercharclass6
\c__xeCJK_IVS_class_int=\XeTeXintercharclass7
.................................................
. LaTeX info: "xparse/define-command"
. 
. Defining document command \xeCJKDeclareCharClass with arg. spec.
. 's>{\TrimSpaces }mm' on line 518.
.................................................
.................................................
. LaTeX info: "xparse/define-command"
. 
. Defining document command \__xeCJK_set_char_class_aux:Nnw with arg. spec.
. 'm>{\SplitArgument {1}{->}}m' on line 535.
.................................................
.................................................
. LaTeX info: "xparse/define-command"
. 
. Defining document command \normalspacedchars with arg. spec. 'm' on line
. 577.
.................................................
.................................................
. LaTeX info: "xparse/define-command"
. 
. Defining document command \xeCJKResetPunctClass with arg. spec. '' on line
. 584.
.................................................
.................................................
. LaTeX info: "xparse/define-command"
. 
. Defining document command \xeCJKResetCharClass with arg. spec. '' on line
. 591.
.................................................
\c__xeCJK_CJK_node_dim=\dimen136
\c__xeCJK_CJK-space_node_dim=\dimen137
\c__xeCJK_default_node_dim=\dimen138
\c__xeCJK_default-space_node_dim=\dimen139
\c__xeCJK_CJK-nobreak_node_dim=\dimen140
\c__xeCJK_normalspace_node_dim=\dimen141
\l__xeCJK_ccglue_skip=\skip60
\l__xeCJK_ecglue_skip=\skip61
.................................................
. LaTeX info: "xparse/define-command"
. 
. Defining document command \xeCJKnobreak with arg. spec. '' on line 1308.
.................................................
.................................................
. LaTeX info: "xparse/define-command"
. 
. Defining document command \xeCJKDeclareSubCJKBlock with arg. spec.
. 's>{\TrimSpaces }m>{\TrimSpaces }m' on line 1497.
.................................................
.................................................
. LaTeX info: "xparse/define-command"
. 
. Defining document command \xeCJKCancelSubCJKBlock with arg. spec. 'sm' on
. line 1508.
.................................................
.................................................
. LaTeX info: "xparse/define-command"
. 
. Defining document command \xeCJKRestoreSubCJKBlock with arg. spec. 'sm' on
. line 1517.
.................................................
.................................................
. LaTeX info: "xparse/define-command"
. 
. Defining document command \xeCJKsetwidth with arg. spec. 'smm' on line 1615.
.................................................
.................................................
. LaTeX info: "xparse/define-command"
. 
. Defining document command \xeCJKsetkern with arg. spec. 'mmm' on line 1619.
.................................................
.................................................
. xtemplate info: "declare-object-type"
. 
. Declaring object type 'xeCJK/punctuation' taking \c_zero  argument(s) on
. line 1720.
.................................................
\l__xeCJK_fixed_punct_width_dim=\dimen142
\l__xeCJK_mixed_punct_width_dim=\dimen143
\l__xeCJK_middle_punct_width_dim=\dimen144
\l__xeCJK_fixed_margin_width_dim=\dimen145
\l__xeCJK_mixed_margin_width_dim=\dimen146
\l__xeCJK_middle_margin_width_dim=\dimen147
\l__xeCJK_bound_punct_width_dim=\dimen148
\l__xeCJK_bound_margin_width_dim=\dimen149
\l__xeCJK_margin_minimum_dim=\dimen150
\l__xeCJK_kerning_total_width_dim=\dimen151
\l__xeCJK_same_align_margin_dim=\dimen152
\l__xeCJK_different_align_margin_dim=\dimen153
\l__xeCJK_kerning_margin_width_dim=\dimen154
\l__xeCJK_kerning_margin_minimum_dim=\dimen155
\l__xeCJK_bound_dim=\dimen156
\l__xeCJK_reverse_bound_dim=\dimen157
.................................................
. LaTeX info: "xparse/define-command"
. 
. Defining document command \xeCJKDeclarePunctStyle with arg. spec.
. '>{\TrimSpaces }mm' on line 2205.
.................................................
.................................................
. LaTeX info: "xparse/define-command"
. 
. Defining document command \xeCJKEditPunctStyle with arg. spec.
. '>{\TrimSpaces }mm' on line 2218.
.................................................
.................................................
. LaTeX info: "xparse/define-command"
. 
. Defining document command \setCJKfallbackfamilyfont with arg. spec. 'mO{}m'
. on line 2306.
.................................................
\g__xeCJK_family_int=\count126
.................................................
. LaTeX info: "xparse/define-command"
. 
. Defining document command \CJKfamily with arg. spec. 't+t-m' on line 2730.
.................................................
.................................................
. LaTeX info: "xparse/define-command"
. 
. Defining document command \__xeCJK_gobble_CJKfamily:wn with arg. spec.
. 't+t-m' on line 2744.
.................................................
.................................................
. LaTeX info: "xparse/define-command"
. 
. Defining document command \setCJKmainfont with arg. spec. 'O{}m' on line
. 2794.
.................................................
.................................................
. LaTeX info: "xparse/define-command"
. 
. Defining document command \setCJKsansfont with arg. spec. 'O{}m' on line
. 2800.
.................................................
.................................................
. LaTeX info: "xparse/define-command"
. 
. Defining document command \setCJKmonofont with arg. spec. 'O{}m' on line
. 2805.
.................................................
.................................................
. LaTeX info: "xparse/define-command"
. 
. Defining document command \setCJKfamilyfont with arg. spec. 'mO{}m' on line
. 2812.
.................................................
.................................................
. LaTeX info: "xparse/define-command"
. 
. Defining document command \newCJKfontfamily with arg. spec. 'omO{}m' on line
. 2818.
.................................................
.................................................
. LaTeX info: "xparse/define-command"
. 
. Defining document command \CJKfontspec with arg. spec. 'O{}m' on line 2823.
.................................................
.................................................
. LaTeX info: "xparse/define-command"
. 
. Defining document command \defaultCJKfontfeatures with arg. spec. 'm' on
. line 2846.
.................................................
.................................................
. LaTeX info: "xparse/define-command"
. 
. Defining document command \addCJKfontfeatures with arg. spec. 'sO{}m' on
. line 2852.
.................................................
.................................................
. LaTeX info: "xparse/define-command"
. 
. Defining document command \setCJKmathfont with arg. spec. 'O{}m' on line
. 3020.
.................................................
\l__xeCJK_verb_case_int=\count127
.................................................
. LaTeX info: "xparse/define-command"
. 
. Defining document command \xeCJKVerbAddon with arg. spec. '' on line 3173.
.................................................
.................................................
. LaTeX info: "xparse/define-command"
. 
. Defining document command \xeCJKOffVerbAddon with arg. spec. '' on line
. 3177.
.................................................
\l__xeCJK_verb_exspace_skip=\skip62

*************************************************
* xeCJK warning: "option-deprecated"
* 
* The `normalindentfirst' option is deprecated.
* 
*************************************************
(/usr/local/texlive/2014/texmf-dist/tex/latex/fontspec/fontspec.sty
Package: fontspec 2013/05/20 v2.3c Font selection for XeLaTeX and LuaLaTeX
\l_fontspec_script_int=\count128
\l_fontspec_language_int=\count129
\l_fontspec_strnum_int=\count130
\l_fontspec_tmpa_dim=\dimen158
\l_fontspec_tmpb_dim=\dimen159
\l_fontspec_tmpc_dim=\dimen160
Variant \tl_gset:cV already defined; not changing it on line 69

(/usr/local/texlive/2014/texmf-dist/tex/latex/fontspec/fontspec-patches.sty
Package: fontspec-patches 2013/05/20 v2.3c Font selection for XeLaTeX and LuaLa
TeX

(/usr/local/texlive/2014/texmf-dist/tex/latex/base/fixltx2e.sty
Package: fixltx2e 2014/05/13 v1.1q fixes to LaTeX
LaTeX Info: Redefining \em on input line 429.
)
LaTeX Info: Redefining \em on input line 22.
LaTeX Info: Redefining \emph on input line 30.
LaTeX Info: Redefining \- on input line 33.

*************************************************
* LaTeX warning: "xparse/redefine-command"
* 
* Redefining document command \oldstylenums with arg. spec. 'm' on line 128.
*************************************************
.................................................
. LaTeX info: "xparse/define-command"
. 
. Defining document command \liningnums with arg. spec. 'm' on line 132.
.................................................
) (/usr/local/texlive/2014/texmf-dist/tex/latex/fontspec/fontspec-xetex.sty
Package: fontspec-xetex 2013/05/20 v2.3c Font selection for XeLaTeX and LuaLaTe
X

(/usr/local/texlive/2014/texmf-dist/tex/latex/base/fontenc.sty
Package: fontenc 2005/09/27 v1.99g Standard LaTeX package

(/usr/local/texlive/2014/texmf-dist/tex/latex/euenc/eu1enc.def
File: eu1enc.def 2010/05/27 v0.1h Experimental Unicode font encodings
)
LaTeX Font Info:    Try loading font information for EU1+lmr on input line 100.


(/usr/local/texlive/2014/texmf-dist/tex/latex/euenc/eu1lmr.fd
File: eu1lmr.fd 2009/10/30 v1.6 Font defs for Latin Modern
))
(/usr/local/texlive/2014/texmf-dist/tex/xelatex/xunicode/xunicode.sty
File: xunicode.sty 2011/09/09 v0.981 provides access to latin accents and many 
other characters in Unicode lower plane

(/usr/local/texlive/2014/texmf-dist/tex/latex/tipa/t3enc.def
File: t3enc.def 2001/12/31 T3 encoding
LaTeX Font Info:    Try loading font information for EU1+lmss on input line 357
.

(/usr/local/texlive/2014/texmf-dist/tex/latex/euenc/eu1lmss.fd
File: eu1lmss.fd 2009/10/30 v1.6 Font defs for Latin Modern
))
\tipaTiiicode=\count131
\tipasavetokens=\toks15
\tipachecktokens=\toks16

(/usr/local/texlive/2014/texmf-dist/tex/latex/graphics/graphicx.sty
Package: graphicx 2014/04/25 v1.0g Enhanced LaTeX Graphics (DPC,SPQR)

(/usr/local/texlive/2014/texmf-dist/tex/latex/graphics/graphics.sty
Package: graphics 2009/02/05 v1.0o Standard LaTeX Graphics (DPC,SPQR)

(/usr/local/texlive/2014/texmf-dist/tex/latex/graphics/trig.sty
Package: trig 1999/03/16 v1.09 sin cos tan (DPC)
)
(/usr/local/texlive/2014/texmf-dist/tex/latex/latexconfig/graphics.cfg
File: graphics.cfg 2010/04/23 v1.9 graphics configuration of TeX Live
)
Package graphics Info: Driver file: xetex.def on input line 91.

(/usr/local/texlive/2014/texmf-dist/tex/xelatex/xetex-def/xetex.def
File: xetex.def 2014/04/28 v4.01 LaTeX color/graphics driver for XeTeX (RRM/JK)

))
\Gin@req@height=\dimen161
\Gin@req@width=\dimen162
))
.................................................
. LaTeX info: "xparse/define-command"
. 
. Defining document command \fontspec with arg. spec. 'O{}m' on line 41.
.................................................
.................................................
. LaTeX info: "xparse/define-command"
. 
. Defining document command \setmainfont with arg. spec. 'O{}m' on line 46.
.................................................
.................................................
. LaTeX info: "xparse/define-command"
. 
. Defining document command \setsansfont with arg. spec. 'O{}m' on line 51.
.................................................
.................................................
. LaTeX info: "xparse/define-command"
. 
. Defining document command \setmonofont with arg. spec. 'O{}m' on line 56.
.................................................
.................................................
. LaTeX info: "xparse/define-command"
. 
. Defining document command \setmathrm with arg. spec. 'O{}m' on line 65.
.................................................
.................................................
. LaTeX info: "xparse/define-command"
. 
. Defining document command \setboldmathrm with arg. spec. 'O{}m' on line 69.
.................................................
.................................................
. LaTeX info: "xparse/define-command"
. 
. Defining document command \setmathsf with arg. spec. 'O{}m' on line 73.
.................................................
.................................................
. LaTeX info: "xparse/define-command"
. 
. Defining document command \setmathtt with arg. spec. 'O{}m' on line 77.
.................................................
.................................................
. LaTeX info: "xparse/define-command"
. 
. Defining document command \newfontfamily with arg. spec. 'mO{}m' on line 96.
.................................................
.................................................
. LaTeX info: "xparse/define-command"
. 
. Defining document command \newfontface with arg. spec. 'mO{}m' on line 100.
.................................................
.................................................
. LaTeX info: "xparse/define-command"
. 
. Defining document command \defaultfontfeatures with arg. spec. 'om' on line
. 108.
.................................................
.................................................
. LaTeX info: "xparse/define-command"
. 
. Defining document command \addfontfeatures with arg. spec. 'm' on line 144.
.................................................
.................................................
. LaTeX info: "xparse/define-command"
. 
. Defining document command \newfontfeature with arg. spec. 'mm' on line 156.
.................................................
.................................................
. LaTeX info: "xparse/define-command"
. 
. Defining document command \newAATfeature with arg. spec. 'mmmm' on line 164.
.................................................
.................................................
. LaTeX info: "xparse/define-command"
. 
. Defining document command \newICUfeature with arg. spec. 'mmm' on line 172.
.................................................
.................................................
. LaTeX info: "xparse/define-command"
. 
. Defining document command \aliasfontfeature with arg. spec. 'mm' on line
. 201.
.................................................
.................................................
. LaTeX info: "xparse/define-command"
. 
. Defining document command \aliasfontfeatureoption with arg. spec. 'mmm' on
. line 203.
.................................................
.................................................
. LaTeX info: "xparse/define-command"
. 
. Defining document command \newfontscript with arg. spec. 'mm' on line 208.
.................................................
.................................................
. LaTeX info: "xparse/define-command"
. 
. Defining document command \newfontlanguage with arg. spec. 'mm' on line 235.
.................................................
.................................................
. LaTeX info: "xparse/define-command"
. 
. Defining document command \DeclareFontsExtensions with arg. spec. 'm' on
. line 256.
.................................................
Variant \prop_gput:cnV already defined; not changing it on line 582
Variant \prop_gput:cnx already defined; not changing it on line 583
\l_fontspec_tmp_int=\count132
LaTeX Info: Redefining \itshape on input line 2087.
LaTeX Info: Redefining \slshape on input line 2092.
LaTeX Info: Redefining \scshape on input line 2097.
LaTeX Info: Redefining \upshape on input line 2102.

(/usr/local/texlive/2014/texmf-dist/tex/latex/fontspec/fontspec.cfg)))
(/usr/local/texlive/2014/texmf-dist/tex/xelatex/xecjk/xunicode-addon.sty
Package: xunicode-addon 2014/05/13 v3.2.12 addon file for xunicode

*************************************************
* LaTeX warning: "xparse/redefine-command"
* 
* Redefining document command \ReloadXunicode with arg. spec. 'm' on line 89.
*************************************************
*************************************************
* LaTeX warning: "xparse/redefine-command"
* 
* Redefining document command \DeclareUTFmathsymbols with arg. spec. 'm' on
* line 124.
*************************************************
*************************************************
* LaTeX warning: "xparse/redefine-command"
* 
* Redefining document command \UseMathAsText with arg. spec. '' on line 133.
*************************************************
*************************************************
* LaTeX warning: "xparse/redefine-command"
* 
* Redefining document command \UndeclareUTFcharacter with arg. spec.
* 'O{\UTFencname }mm' on line 168.
*************************************************
*************************************************
* LaTeX warning: "xparse/redefine-command"
* 
* Redefining document command \UndeclareUTFcomposite with arg. spec.
* 'O{\UTFencname }mmm' on line 175.
*************************************************
*************************************************
* LaTeX warning: "xparse/redefine-command"
* 
* Redefining document command \DeclareUTFcharacter with arg. spec.
* 'O{\UTFencname }mm' on line 202.
*************************************************
.................................................
. LaTeX info: "xparse/define-command"
. 
. Defining document command \DeclareUTFSymbol with arg. spec. 'mO{\UTFencname
. }m' on line 228.
.................................................
.................................................
. LaTeX info: "xparse/define-command"
. 
. Defining document command \DeclareUTFCommand with arg. spec. 'mO{\UTFencname
. }m' on line 230.
.................................................
*************************************************
* LaTeX warning: "xparse/redefine-command"
* 
* Redefining document command \DeclareUTFcomposite with arg. spec.
* 'O{\UTFencname }mmm' on line 273.
*************************************************
.................................................
. LaTeX info: "xparse/define-command"
. 
. Defining document command \DeclareUTFCompositeCommand with arg. spec.
. 'mO{\UTFencname }mm' on line 286.
.................................................
.................................................
. LaTeX info: "xparse/define-command"
. 
. Defining document command \DeclareUTFCompositeSymbol with arg. spec.
. 'mO{\UTFencname }mm' on line 291.
.................................................
.................................................
. LaTeX info: "xparse/define-command"
. 
. Defining document command \DeclareUTFComposite with arg. spec.
. 'mO{\UTFencname }' on line 293.
.................................................
.................................................
. LaTeX info: "xparse/define-command"
. 
. Defining document command \DeclareUTFEncodedAccent with arg. spec.
. 'mO{\UTFencname }mm' on line 295.
.................................................
.................................................
. LaTeX info: "xparse/define-command"
. 
. Defining document command \DeclareUTFEncodedAccents with arg. spec.
. 'mO{\UTFencname }mm' on line 297.
.................................................
.................................................
. LaTeX info: "xparse/define-command"
. 
. Defining document command \DeclareUTFEncodedSymbol with arg. spec.
. 'mO{\UTFencname }mm' on line 299.
.................................................
.................................................
. LaTeX info: "xparse/define-command"
. 
. Defining document command \DeclareUTFEncodedCircle with arg. spec.
. 'mO{\UTFencname }mm' on line 301.
.................................................
*************************************************
* LaTeX warning: "xparse/redefine-command"
* 
* Redefining document command \DeclareEncodedCompositeCharacter with arg.
* spec. 'mmmm' on line 303.
*************************************************
*************************************************
* LaTeX warning: "xparse/redefine-command"
* 
* Redefining document command \DeclareEncodedCompositeAccents with arg. spec.
* 'mmmm' on line 305.
*************************************************
.................................................
. LaTeX info: "xparse/define-command"
. 
. Defining document command \DeclareUTFDoubleEncodedAccent with arg. spec.
. 'mO{\UTFencname }mm' on line 307.
.................................................
.................................................
. LaTeX info: "xparse/define-command"
. 
. Defining document command \DeclareUTFDoubleEncodedSymbol with arg. spec.
. 'mO{\UTFencname }mm' on line 309.
.................................................
\l__xunadd_circle_width_dim=\dimen163
\l__xunadd_tmp_coffin=\box42
\l__xunadd_circle_coffin=\box43
.................................................
. LaTeX info: "xparse/define-command"
. 
. Defining document command \settextcircledratio with arg. spec. 'm' on line
. 459.
.................................................
.................................................
. LaTeX info: "xparse/define-command"
. 
. Defining document command \AtBeginUTFCommand with arg. spec. 'sO{}+m' on
. line 528.
.................................................
.................................................
. LaTeX info: "xparse/define-command"
. 
. Defining document command \AtEndUTFCommand with arg. spec. 'sO{}+m' on line
. 538.
.................................................
.................................................
. LaTeX info: "xparse/define-command"
. 
. Defining document command \DeclareUTFTIPACommand with arg. spec.
. 'O{\UTFencname }m' on line 570.
.................................................
)
\g__file_internal_ior=\read1
 (/usr/local/texlive/2014/texmf-dist/tex/xelatex/xunicode/xunicode.sty
File: xunicode.sty 2011/09/09 v0.981 provides access to latin accents and many 
other characters in Unicode lower plane

*** Reloading Xunicode for encoding 'EU1' ***
) (/usr/local/texlive/2014/texmf-dist/tex/xelatex/xecjk/xunicode-extra.def
File: xunicode-extra.def 2014/05/13 v3.2.12 extra definition for xunicode
)
.................................................
. LaTeX info: "xparse/define-command"
. 
. Defining document command \xeCJKsetup with arg. spec. '+m' on line 3476.
.................................................
.................................................
. LaTeX info: "xparse/define-command"
. 
. Defining document command \xeCJKsetemboldenfactor with arg. spec. 'm' on
. line 3478.
.................................................
.................................................
. LaTeX info: "xparse/define-command"
. 
. Defining document command \xeCJKsetslantfactor with arg. spec. 'm' on line
. 3480.
.................................................
.................................................
. LaTeX info: "xparse/define-command"
. 
. Defining document command \punctstyle with arg. spec. 'm' on line 3481.
.................................................
.................................................
. LaTeX info: "xparse/define-command"
. 
. Defining document command \xeCJKplainchr with arg. spec. '' on line 3482.
.................................................
.................................................
. LaTeX info: "xparse/define-command"
. 
. Defining document command \CJKsetecglue with arg. spec. 'm' on line 3483.
.................................................
.................................................
. LaTeX info: "xparse/define-command"
. 
. Defining document command \CJKspace with arg. spec. '' on line 3485.
.................................................
.................................................
. LaTeX info: "xparse/define-command"
. 
. Defining document command \CJKnospace with arg. spec. '' on line 3486.
.................................................
.................................................
. LaTeX info: "xparse/define-command"
. 
. Defining document command \xeCJKallowbreakbetweenpuncts with arg. spec. ''
. on line 3488.
.................................................
.................................................
. LaTeX info: "xparse/define-command"
. 
. Defining document command \xeCJKnobreakbetweenpuncts with arg. spec. '' on
. line 3490.
.................................................
.................................................
. LaTeX info: "xparse/define-command"
. 
. Defining document command \xeCJKenablefallback with arg. spec. '' on line
. 3492.
.................................................
.................................................
. LaTeX info: "xparse/define-command"
. 
. Defining document command \xeCJKdisablefallback with arg. spec. '' on line
. 3494.
.................................................
.................................................
. LaTeX info: "xparse/define-command"
. 
. Defining document command \xeCJKsetcharclass with arg. spec. 'mmm' on line
. 3499.
.................................................

*************************************************
* LaTeX warning: "xparse/redefine-command"
* 
* Redefining document command \nobreakspace with arg. spec. '' on line 3582.
*************************************************
*************************************************
* LaTeX warning: "xparse/redefine-command"
* 
* Redefining document command \fontfamily with arg. spec. 'm' on line 3628.
*************************************************
(/usr/local/texlive/2014/texmf-dist/tex/xelatex/xecjk/config/xeCJK.cfg
File: xeCJK.cfg 2014/05/13 v3.2.12 Configuration file for xeCJK package
))
(/usr/local/texlive/2014/texmf-dist/tex/latex/ctex/engine/ctex-cjk-common.def
\ccwd=\dimen164
)
(/usr/local/texlive/2014/texmf-dist/tex/latex/ctex/fontset/ctex-xecjk-winfonts.
def
*************************************************
* fontspec warning: "script-not-exist"
* 
* Font 'STSong' does not contain script 'CJK'.
*************************************************
\g_fontspec_family_STSong_int=\count133
.................................................
. fontspec info: "no-font-shape"
. 
. Could not resolve font STHeiti/I (it probably doesn't exist).
.................................................
.................................................
. fontspec info: "defining-font"
. 
. Font family 'STSong(0)' created for font 'STSong' with options
. [Ligatures=TeX,Script={CJK},BoldFont={STHeiti},ItalicFont={STKaiti}].
. 
. This font family consists of the following shapes:
. 
. * 'normal' with NFSS spec.:
. <->"STSong/ICU:mapping=tex-text;"
. 
. * 'bold' with NFSS spec.:
. <->"STHeiti/ICU:mapping=tex-text;"
. 
. * 'italic' with NFSS spec.:
. <->"STKaiti/ICU:mapping=tex-text;"
.................................................
))
\CTEX@q=\count134
\CTEX@r=\count135
) (/usr/local/texlive/2014/texmf-dist/tex/latex/ctex/def/ctex-caption.def)
(/usr/local/texlive/2014/texmf-dist/tex/latex/ctex/def/ctex-class.def)
(/usr/local/texlive/2014/texmf-dist/tex/latex/ctex/def/ctex-book.def))
(/usr/local/texlive/2014/texmf-dist/tex/latex/ctex/def/ctex-utf8.def)
(/usr/local/texlive/2014/texmf-dist/tex/latex/ctex/cfg/ctexcap.cfg
(/usr/local/texlive/2014/texmf-dist/tex/latex/ctex/cfg/ctexcap-utf8.cfg))
(/usr/local/texlive/2014/texmf-dist/tex/latex/ctex/cfg/ctex.cfg)
(/usr/local/texlive/2014/texmf-dist/tex/latex/multirow/multirow.sty
\bigstrutjot=\dimen165
)
(/usr/local/texlive/2014/texmf-dist/tex/generic/ulem/ulem.sty
\UL@box=\box44
\UL@hyphenbox=\box45
\UL@skip=\skip63
\UL@hook=\toks17
\UL@height=\dimen166
\UL@pe=\count136
\UL@pixel=\dimen167
\ULC@box=\box46
Package: ulem 2012/05/18
\ULdepth=\dimen168
)
(/usr/local/texlive/2014/texmf-dist/tex/latex/diagbox/diagbox.sty
Package: diagbox 2011/11/23 v2.0 Making table heads with diagonal lines

(/usr/local/texlive/2014/texmf-dist/tex/latex/pict2e/pict2e.sty
Package: pict2e 2014/01/12 v0.2z Improved picture commands (HjG,RN,JT)

(/usr/local/texlive/2014/texmf-dist/tex/latex/pict2e/pict2e.cfg
File: pict2e.cfg 2011/04/05 v0.1t pict2e configuration for teTeX/TeXLive
)
Package pict2e Info: Driver file: xetex.def on input line 119.
Package pict2e Info: Driver file for pict2e: p2e-xetex.def on input line 121.

(/usr/local/texlive/2014/texmf-dist/tex/latex/pict2e/p2e-xetex.def
File: p2e-xetex.def 2011/04/05 v0.1t Driver-dependant file (RN,HjG,JT)
)
\pIIe@GRAPH=\toks18
\@arclen=\dimen169
\@arcrad=\dimen170
\@tempdimd=\dimen171
)
(/usr/local/texlive/2014/texmf-dist/tex/latex/fp/fp.sty
Package: fp 1995/04/02

`Fixed Point Package', Version 0.8, April 2, 1995 (C) Michael Mehlich
(/usr/local/texlive/2014/texmf-dist/tex/latex/fp/defpattern.sty
Package: defpattern 1994/10/12
\actioncount=\count137
)
(/usr/local/texlive/2014/texmf-dist/tex/latex/fp/fp-basic.sty
Package: fp-basic 1996/05/13
\FP@xs=\count138
\FP@xia=\count139
\FP@xib=\count140
\FP@xfa=\count141
\FP@xfb=\count142
\FP@rega=\count143
\FP@regb=\count144
\FP@regs=\count145
\FP@times=\count146
)
(/usr/local/texlive/2014/texmf-dist/tex/latex/fp/fp-addons.sty
Package: fp-addons 1995/03/15
)
(/usr/local/texlive/2014/texmf-dist/tex/latex/fp/fp-snap.sty
Package: fp-snap 1995/04/05
)
(/usr/local/texlive/2014/texmf-dist/tex/latex/fp/fp-exp.sty
Package: fp-exp 1995/04/03
)
(/usr/local/texlive/2014/texmf-dist/tex/latex/fp/fp-trigo.sty
Package: fp-trigo 1995/04/14
)
(/usr/local/texlive/2014/texmf-dist/tex/latex/fp/fp-pas.sty
Package: fp-pas 1994/08/29
)
(/usr/local/texlive/2014/texmf-dist/tex/latex/fp/fp-random.sty
Package: fp-random 1995/02/23
\FPseed=\count147
)
(/usr/local/texlive/2014/texmf-dist/tex/latex/fp/fp-eqn.sty
Package: fp-eqn 1995/04/03
)
(/usr/local/texlive/2014/texmf-dist/tex/latex/fp/fp-upn.sty
Package: fp-upn 1996/10/21
)
(/usr/local/texlive/2014/texmf-dist/tex/latex/fp/fp-eval.sty
Package: fp-eval 1995/04/03
))
\diagbox@boxa=\box47
\diagbox@boxb=\box48
\diagbox@boxm=\box49
\diagbox@wd=\dimen172
\diagbox@ht=\dimen173
\diagbox@sepl=\dimen174
\diagbox@sepr=\dimen175
) (./format.cls
(/usr/local/texlive/2014/texmf-dist/tex/latex/geometry/geometry.sty
Package: geometry 2010/09/12 v5.6 Page Geometry

(/usr/local/texlive/2014/texmf-dist/tex/generic/oberdiek/ifvtex.sty
Package: ifvtex 2010/03/01 v1.5 Detect VTeX and its facilities (HO)
Package ifvtex Info: VTeX not detected.
)
\Gm@cnth=\count148
\Gm@cntv=\count149
\c@Gm@tempcnt=\count150
\Gm@bindingoffset=\dimen176
\Gm@wd@mp=\dimen177
\Gm@odd@mp=\dimen178
\Gm@even@mp=\dimen179
\Gm@layoutwidth=\dimen180
\Gm@layoutheight=\dimen181
\Gm@layouthoffset=\dimen182
\Gm@layoutvoffset=\dimen183
\Gm@dimlist=\toks19
)
(/usr/local/texlive/2014/texmf-dist/tex/latex/graphics/color.sty
Package: color 2014/04/23 v1.1a Standard LaTeX Color (DPC)

(/usr/local/texlive/2014/texmf-dist/tex/latex/latexconfig/color.cfg
File: color.cfg 2007/01/18 v1.5 color configuration of teTeX/TeXLive
)
Package color Info: Driver file: xetex.def on input line 137.
)
(/usr/local/texlive/2014/texmf-dist/tex/latex/enumitem/enumitem.sty
Package: enumitem 2011/09/28 v3.5.2 Customized lists
\labelindent=\skip64
\enit@outerparindent=\dimen184
\enit@toks=\toks20
\enit@inbox=\box50
\enitdp@description=\count151
)
(/usr/local/texlive/2014/texmf-dist/tex/latex/fancyvrb/fancyvrb.sty
Package: fancyvrb 2008/02/07

Style option: `fancyvrb' v2.7a, with DG/SPQR fixes, and firstline=lastline fix 
<2008/02/07> (tvz)
\FV@CodeLineNo=\count152
\FV@InFile=\read2
\FV@TabBox=\box51
\c@FancyVerbLine=\count153
\FV@StepNumber=\count154
\FV@OutFile=\write3
)
(/usr/local/texlive/2014/texmf-dist/tex/latex/footmisc/footmisc.sty
Package: footmisc 2011/06/06 v5.5b a miscellany of footnote facilities
\FN@temptoken=\toks21
\footnotemargin=\dimen185


LaTeX Warning: Command \@makecol  has changed.
               Check if current package is valid.

\c@pp@next@reset=\count155
\c@@fnserial=\count156
Package footmisc Info: Declaring symbol style bringhurst on input line 855.
Package footmisc Info: Declaring symbol style chicago on input line 863.
Package footmisc Info: Declaring symbol style wiley on input line 872.
Package footmisc Info: Declaring symbol style lamport-robust on input line 883.

Package footmisc Info: Declaring symbol style lamport* on input line 903.
Package footmisc Info: Declaring symbol style lamport*-robust on input line 924
.
) (/usr/local/texlive/2014/texmf-dist/tex/latex/hyperref/hyperref.sty
Package: hyperref 2012/11/06 v6.83m Hypertext links for LaTeX

(/usr/local/texlive/2014/texmf-dist/tex/generic/oberdiek/hobsub-hyperref.sty
Package: hobsub-hyperref 2012/05/28 v1.13 Bundle oberdiek, subset hyperref (HO)


(/usr/local/texlive/2014/texmf-dist/tex/generic/oberdiek/hobsub-generic.sty
Package: hobsub-generic 2012/05/28 v1.13 Bundle oberdiek, subset generic (HO)
Package: hobsub 2012/05/28 v1.13 Construct package bundles (HO)
Package: infwarerr 2010/04/08 v1.3 Providing info/warning/error messages (HO)
Package: ltxcmds 2011/11/09 v1.22 LaTeX kernel commands for general use (HO)
Package: ifluatex 2010/03/01 v1.3 Provides the ifluatex switch (HO)
Package ifluatex Info: LuaTeX not detected.
Package hobsub Info: Skipping package `ifvtex' (already loaded).
Package: intcalc 2007/09/27 v1.1 Expandable calculations with integers (HO)
Package hobsub Info: Skipping package `ifpdf' (already loaded).
Package: etexcmds 2011/02/16 v1.5 Avoid name clashes with e-TeX commands (HO)
Package etexcmds Info: Could not find \expanded.
(etexcmds)             That can mean that you are not using pdfTeX 1.50 or
(etexcmds)             that some package has redefined \expanded.
(etexcmds)             In the latter case, load this package earlier.
Package: kvsetkeys 2012/04/25 v1.16 Key value parser (HO)
Package: kvdefinekeys 2011/04/07 v1.3 Define keys (HO)
Package: pdftexcmds 2011/11/29 v0.20 Utility functions of pdfTeX for LuaTeX (HO
)
Package pdftexcmds Info: LuaTeX not detected.
Package pdftexcmds Info: pdfTeX >= 1.30 not detected.
Package pdftexcmds Info: \pdf@primitive is available.
Package pdftexcmds Info: \pdf@ifprimitive is available.
Package pdftexcmds Info: \pdfdraftmode not found.
Package: pdfescape 2011/11/25 v1.13 Implements pdfTeX's escape features (HO)
Package: bigintcalc 2012/04/08 v1.3 Expandable calculations on big integers (HO
)
Package: bitset 2011/01/30 v1.1 Handle bit-vector datatype (HO)
Package: uniquecounter 2011/01/30 v1.2 Provide unlimited unique counter (HO)
)
Package hobsub Info: Skipping package `hobsub' (already loaded).
Package: letltxmacro 2010/09/02 v1.4 Let assignment for LaTeX macros (HO)
Package: hopatch 2012/05/28 v1.2 Wrapper for package hooks (HO)
Package: xcolor-patch 2011/01/30 xcolor patch
Package: atveryend 2011/06/30 v1.8 Hooks at the very end of document (HO)
Package: atbegshi 2011/10/05 v1.16 At begin shipout hook (HO)
Package: refcount 2011/10/16 v3.4 Data extraction from label references (HO)
Package: hycolor 2011/01/30 v1.7 Color options for hyperref/bookmark (HO)
)
(/usr/local/texlive/2014/texmf-dist/tex/latex/oberdiek/auxhook.sty
Package: auxhook 2011/03/04 v1.3 Hooks for auxiliary files (HO)
)
(/usr/local/texlive/2014/texmf-dist/tex/latex/oberdiek/kvoptions.sty
Package: kvoptions 2011/06/30 v3.11 Key value format for package options (HO)
)
\@linkdim=\dimen186
\Hy@linkcounter=\count157
\Hy@pagecounter=\count158

(/usr/local/texlive/2014/texmf-dist/tex/latex/hyperref/pd1enc.def
File: pd1enc.def 2012/11/06 v6.83m Hyperref: PDFDocEncoding definition (HO)
)
\Hy@SavedSpaceFactor=\count159

(/usr/local/texlive/2014/texmf-dist/tex/latex/latexconfig/hyperref.cfg
File: hyperref.cfg 2002/06/06 v1.2 hyperref configuration of TeXLive
)
Package hyperref Info: Option `unicode' set `true' on input line 4319.

(/usr/local/texlive/2014/texmf-dist/tex/latex/hyperref/puenc.def
File: puenc.def 2012/11/06 v6.83m Hyperref: PDF Unicode definition (HO)
)
Package hyperref Info: Option `colorlinks' set `true' on input line 4319.
Package hyperref Info: Hyper figures OFF on input line 4443.
Package hyperref Info: Link nesting OFF on input line 4448.
Package hyperref Info: Hyper index ON on input line 4451.
Package hyperref Info: Plain pages OFF on input line 4458.
Package hyperref Info: Backreferencing OFF on input line 4463.
Package hyperref Info: Implicit mode ON; LaTeX internals redefined.
Package hyperref Info: Bookmarks ON on input line 4688.
\c@Hy@tempcnt=\count160

(/usr/local/texlive/2014/texmf-dist/tex/latex/url/url.sty
\Urlmuskip=\muskip17
Package: url 2013/09/16  ver 3.4  Verb mode for urls, etc.
)
LaTeX Info: Redefining \url on input line 5041.
\XeTeXLinkMargin=\dimen187
\Fld@menulength=\count161
\Field@Width=\dimen188
\Fld@charsize=\dimen189
Package hyperref Info: Hyper figures OFF on input line 6295.
Package hyperref Info: Link nesting OFF on input line 6300.
Package hyperref Info: Hyper index ON on input line 6303.
Package hyperref Info: backreferencing OFF on input line 6310.
Package hyperref Info: Link coloring OFF on input line 6315.
Package hyperref Info: Link coloring with OCG OFF on input line 6320.
Package hyperref Info: PDF/A mode OFF on input line 6325.
LaTeX Info: Redefining \ref on input line 6365.
LaTeX Info: Redefining \pageref on input line 6369.
\Hy@abspage=\count162
\c@Item=\count163
\c@Hfootnote=\count164
)

Package hyperref Message: Driver: hxetex.

(/usr/local/texlive/2014/texmf-dist/tex/latex/hyperref/hxetex.def
File: hxetex.def 2012/11/06 v6.83m Hyperref driver for XeTeX

(/usr/local/texlive/2014/texmf-dist/tex/generic/oberdiek/stringenc.sty
Package: stringenc 2011/12/02 v1.10 Convert strings between diff. encodings (HO
)
)
\pdfm@box=\box52
\c@Hy@AnnotLevel=\count165
\HyField@AnnotCount=\count166
\Fld@listcount=\count167
\c@bookmark@seq@number=\count168

(/usr/local/texlive/2014/texmf-dist/tex/latex/oberdiek/rerunfilecheck.sty
Package: rerunfilecheck 2011/04/15 v1.7 Rerun checks for auxiliary files (HO)
Package rerunfilecheck Info: Feature \pdfmdfivesum is not available
(rerunfilecheck)             (e.g. pdfTeX or LuaTeX with package `pdftexcmds').

(rerunfilecheck)             Therefore file contents cannot be checked efficien
tly
(rerunfilecheck)             and the loading of the package is aborted.
)
\Hy@SectionHShift=\skip65
)
(/usr/local/texlive/2014/texmf-dist/tex/latex/base/makeidx.sty
Package: makeidx 2000/03/29 v1.0m Standard LaTeX package
)
(/usr/local/texlive/2014/texmf-dist/tex/latex/ms/multitoc.sty
Package: multitoc 1999/06/08 v2.01 MultiToc Package (MS)

(/usr/local/texlive/2014/texmf-dist/tex/latex/tools/multicol.sty
Package: multicol 2014/04/23 v1.8e multicolumn formatting (FMi)
\c@tracingmulticols=\count169
\mult@box=\box53
\multicol@leftmargin=\dimen190
\c@unbalance=\count170
\c@collectmore=\count171
\doublecol@number=\count172
\multicoltolerance=\count173
\multicolpretolerance=\count174
\full@width=\dimen191
\page@free=\dimen192
\premulticols=\dimen193
\postmulticols=\dimen194
\multicolsep=\skip66
\multicolbaselineskip=\skip67
\partial@page=\box54
\last@line=\box55
\maxbalancingoverflow=\dimen195
\mult@rightbox=\box56
\mult@grightbox=\box57
\mult@gfirstbox=\box58
\mult@firstbox=\box59
\@tempa=\box60
\@tempa=\box61
\@tempa=\box62
\@tempa=\box63
\@tempa=\box64
\@tempa=\box65
\@tempa=\box66
\@tempa=\box67
\@tempa=\box68
\@tempa=\box69
\@tempa=\box70
\@tempa=\box71
\@tempa=\box72
\@tempa=\box73
\@tempa=\box74
\@tempa=\box75
\@tempa=\box76
\c@columnbadness=\count175
\c@finalcolumnbadness=\count176
\last@try=\dimen196
\multicolovershoot=\dimen197
\multicolundershoot=\dimen198
\mult@nat@firstbox=\box77
\colbreak@box=\box78
\mc@col@check@num=\count177
)
(/usr/local/texlive/2014/texmf-dist/tex/latex/base/ifthen.sty
Package: ifthen 2001/05/26 v1.1c Standard LaTeX ifthen package (DPC)
))
(/usr/local/texlive/2014/texmf-dist/tex/latex/psnfss/pifont.sty
Package: pifont 2005/04/12 PSNFSS-v9.2a Pi font support (SPQR) 
LaTeX Font Info:    Try loading font information for U+pzd on input line 63.

(/usr/local/texlive/2014/texmf-dist/tex/latex/psnfss/upzd.fd
File: upzd.fd 2001/06/04 font definitions for U/pzd.
)
LaTeX Font Info:    Try loading font information for U+psy on input line 64.

(/usr/local/texlive/2014/texmf-dist/tex/latex/psnfss/upsy.fd
File: upsy.fd 2001/06/04 font definitions for U/psy.
))
(/usr/local/texlive/2014/texmf-dist/tex/latex/underscore/underscore.sty
Package: underscore 2006/09/13
LaTeX Info: Redefining \_ on input line 42.
)
(/usr/local/texlive/2014/texmf-dist/tex/latex/amsmath/amsmath.sty
Package: amsmath 2013/01/14 v2.14 AMS math features
\@mathmargin=\skip68

For additional information on amsmath, use the `?' option.
(/usr/local/texlive/2014/texmf-dist/tex/latex/amsmath/amstext.sty
Package: amstext 2000/06/29 v2.01

(/usr/local/texlive/2014/texmf-dist/tex/latex/amsmath/amsgen.sty
File: amsgen.sty 1999/11/30 v2.0
\@emptytoks=\toks22
\ex@=\dimen199
))
(/usr/local/texlive/2014/texmf-dist/tex/latex/amsmath/amsbsy.sty
Package: amsbsy 1999/11/29 v1.2d
\pmbraise@=\dimen200
)
(/usr/local/texlive/2014/texmf-dist/tex/latex/amsmath/amsopn.sty
Package: amsopn 1999/12/14 v2.01 operator names
)
\inf@bad=\count178
LaTeX Info: Redefining \frac on input line 210.
\uproot@=\count179
\leftroot@=\count180
LaTeX Info: Redefining \overline on input line 306.
\classnum@=\count181
\DOTSCASE@=\count182
LaTeX Info: Redefining \ldots on input line 378.
LaTeX Info: Redefining \dots on input line 381.
LaTeX Info: Redefining \cdots on input line 466.
\Mathstrutbox@=\box79
\strutbox@=\box80
\big@size=\dimen201
LaTeX Font Info:    Redeclaring font encoding OML on input line 566.
LaTeX Font Info:    Redeclaring font encoding OMS on input line 567.
\macc@depth=\count183
\c@MaxMatrixCols=\count184
\dotsspace@=\muskip18
\c@parentequation=\count185
\dspbrk@lvl=\count186
\tag@help=\toks23
\row@=\count187
\column@=\count188
\maxfields@=\count189
\andhelp@=\toks24
Normal \dimen register pool exhausted, switching to extended pool.
\eqnshift@=\dimen256
\alignsep@=\dimen257
\tagshift@=\dimen258
\tagwidth@=\dimen259
\totwidth@=\dimen260
\lineht@=\dimen261
\@envbody=\toks25
\multlinegap=\skip69
\multlinetaggap=\skip70
\mathdisplay@stack=\toks26
LaTeX Info: Redefining \[ on input line 2665.
LaTeX Info: Redefining \] on input line 2666.
)
Package footmisc Info: Declaring symbol style chinese on input line 16.
Package hyperref Info: Option `bookmarksnumbered' set `true' on input line 19.
\g_fontspec_family_Linux Libertine_int=\count190
.................................................
. fontspec info: "defining-font"
. 
. Font family 'LinuxLibertine(0)' created for font 'Linux Libertine' with
. options [Ligatures=TeX,].
. 
. This font family consists of the following shapes:
. 
. * 'normal' with NFSS spec.:
. <->"Linux Libertine/ICU:script=latn;language=DFLT;mapping=tex-text;"
. 
. * 'small caps' with NFSS spec.:
. <->"Linux Libertine/ICU:script=latn;language=DFLT;mapping=tex-text;+smcp;"
. 
. * 'bold' with NFSS spec.:
. <->"Linux Libertine/B/ICU:script=latn;language=DFLT;mapping=tex-text;"
. 
. * 'bold small caps' with NFSS spec.:
. <->"Linux Libertine/B/ICU:script=latn;language=DFLT;mapping=tex-text;+smcp;"
. 
. * 'italic' with NFSS spec.:
. <->"Linux Libertine/I/ICU:script=latn;language=DFLT;mapping=tex-text;"
. 
. * 'italic small caps' with NFSS spec.:
. <->"Linux Libertine/I/ICU:script=latn;language=DFLT;mapping=tex-text;+smcp;"
. 
. * 'bold italic' with NFSS spec.:
. <->"Linux Libertine/BI/ICU:script=latn;language=DFLT;mapping=tex-text;"
. 
. * 'bold italic small caps' with NFSS spec.:
. <->"Linux
. Libertine/BI/ICU:script=latn;language=DFLT;mapping=tex-text;+smcp;"
.................................................
\g_fontspec_family_PT Sans Narrow_int=\count191
.................................................
. fontspec info: "no-font-shape"
. 
. Could not resolve font PT Sans Narrow/I (it probably doesn't exist).
.................................................
.................................................
. fontspec info: "defining-font"
. 
. Font family 'PTSansNarrow(0)' created for font 'PT Sans Narrow' with options
. [Ligatures=TeX,].
. 
. This font family consists of the following shapes:
. 
. * 'normal' with NFSS spec.:
. <->"PT Sans Narrow/ICU:script=latn;language=DFLT;mapping=tex-text;"
. 
. * 'bold' with NFSS spec.:
. <->"PT Sans Narrow/B/ICU:script=latn;language=DFLT;mapping=tex-text;"
. 
. * 'bold italic' with NFSS spec.:
. <->"PT Sans Narrow/BI/ICU:script=latn;language=DFLT;mapping=tex-text;"
.................................................

*************************************************
* xeCJK warning: "CJKfamily-redef"
* 
* Redefining CJKfamily `zhyou' (YouYuan).
*************************************************
(./verbatim.cls
\mytopsep=\skip71
)
\@indexfile=\write4
\openout4 = `ACM-cheat-sheet.idx'.


Writing index file ACM-cheat-sheet.idx
) (/usr/local/texlive/2014/texmf-dist/tex/xelatex/xecjk/xeCJKfntef.sty
Package: xeCJKfntef 2014/05/13 v3.2.12 xeCJK patch file for ulem/CJKfntef

(/usr/local/texlive/2014/texmf-dist/tex/latex/cjk/texinput/CJKfntef.sty
Package: CJKfntef 2012/05/07 4.8.3
\CJK@fntefSkip=\skip72
\CJK@nest=\count192
\CJK@fntefDimen=\dimen262
\CJK@underdotBox=\box81
\CJK@ULbox=\box82
\CJK@underanyskip=\dimen263
)
(/usr/local/texlive/2014/texmf-dist/tex/latex/environ/environ.sty
Package: environ 2014/05/04 v0.3 A new way to define environments

(/usr/local/texlive/2014/texmf-dist/tex/latex/trimspaces/trimspaces.sty
Package: trimspaces 2009/09/17 v1.1 Trim spaces around a token list
))
*************************************************
* LaTeX warning: "xparse/redefine-command"
* 
* Redefining document command \CJKunderdot with arg. spec. 'm' on line 395.
*************************************************
\g__xeCJK_under_symbol_box=\box83
*************************************************
* LaTeX warning: "xparse/redefine-command"
* 
* Redefining document command \CJKunderanysymbol with arg. spec. 'mmm' on line
* 418.
*************************************************
*************************************************
* LaTeX warning: "xparse/redefine-environment"
* 
* Redefining document environment 'CJKfilltwosides' with arg. spec. 'O{c}m' on
* line 462.
*************************************************
)

LaTeX Warning: Unused global option(s):
    [8pt].

(./ACM-cheat-sheet.aux (./title.aux) (./chapProgrammingTrick.aux)
(./chapLinearList.aux) (./chapString.aux) (./chapStackAndQueue.aux)
(./chapTree.aux) (./chapSearching.aux))
\openout1 = `ACM-cheat-sheet.aux'.

LaTeX Font Info:    Checking defaults for OML/cmm/m/it on input line 12.
LaTeX Font Info:    ... okay on input line 12.
LaTeX Font Info:    Checking defaults for T1/cmr/m/n on input line 12.
LaTeX Font Info:    ... okay on input line 12.
LaTeX Font Info:    Checking defaults for OT1/cmr/m/n on input line 12.
LaTeX Font Info:    ... okay on input line 12.
LaTeX Font Info:    Checking defaults for OMS/cmsy/m/n on input line 12.
LaTeX Font Info:    ... okay on input line 12.
LaTeX Font Info:    Checking defaults for OMX/cmex/m/n on input line 12.
LaTeX Font Info:    ... okay on input line 12.
LaTeX Font Info:    Checking defaults for U/cmr/m/n on input line 12.
LaTeX Font Info:    ... okay on input line 12.
LaTeX Font Info:    Checking defaults for TS1/cmr/m/n on input line 12.
LaTeX Font Info:    ... okay on input line 12.
LaTeX Font Info:    Checking defaults for EU1/lmr/m/n on input line 12.
LaTeX Font Info:    ... okay on input line 12.
LaTeX Font Info:    Checking defaults for T3/cmr/m/n on input line 12.
LaTeX Font Info:    Try loading font information for T3+cmr on input line 12.

(/usr/local/texlive/2014/texmf-dist/tex/latex/tipa/t3cmr.fd
File: t3cmr.fd 2001/12/31 TIPA font definitions
)
LaTeX Font Info:    ... okay on input line 12.
LaTeX Font Info:    Checking defaults for PD1/pdf/m/n on input line 12.
LaTeX Font Info:    ... okay on input line 12.
LaTeX Font Info:    Checking defaults for PU/pdf/m/n on input line 12.
LaTeX Font Info:    ... okay on input line 12.
.................................................
. fontspec info: "setup-math"
. 
. Adjusting the maths setup (use [no-math] to avoid this).
.................................................
\symlegacymaths=\mathgroup4
LaTeX Font Info:    Overwriting symbol font `legacymaths' in version `bold'
(Font)                  OT1/cmr/m/n --> OT1/cmr/bx/n on input line 12.
LaTeX Font Info:    Redeclaring math accent \acute on input line 12.
LaTeX Font Info:    Redeclaring math accent \grave on input line 12.
LaTeX Font Info:    Redeclaring math accent \ddot on input line 12.
LaTeX Font Info:    Redeclaring math accent \tilde on input line 12.
LaTeX Font Info:    Redeclaring math accent \bar on input line 12.
LaTeX Font Info:    Redeclaring math accent \breve on input line 12.
LaTeX Font Info:    Redeclaring math accent \check on input line 12.
LaTeX Font Info:    Redeclaring math accent \hat on input line 12.
LaTeX Font Info:    Redeclaring math accent \dot on input line 12.
LaTeX Font Info:    Redeclaring math accent \mathring on input line 12.
LaTeX Font Info:    Redeclaring math symbol \Gamma on input line 12.
LaTeX Font Info:    Redeclaring math symbol \Delta on input line 12.
LaTeX Font Info:    Redeclaring math symbol \Theta on input line 12.
LaTeX Font Info:    Redeclaring math symbol \Lambda on input line 12.
LaTeX Font Info:    Redeclaring math symbol \Xi on input line 12.
LaTeX Font Info:    Redeclaring math symbol \Pi on input line 12.
LaTeX Font Info:    Redeclaring math symbol \Sigma on input line 12.
LaTeX Font Info:    Redeclaring math symbol \Upsilon on input line 12.
LaTeX Font Info:    Redeclaring math symbol \Phi on input line 12.
LaTeX Font Info:    Redeclaring math symbol \Psi on input line 12.
LaTeX Font Info:    Redeclaring math symbol \Omega on input line 12.
LaTeX Font Info:    Redeclaring math symbol \mathdollar on input line 12.
LaTeX Font Info:    Redeclaring symbol font `operators' on input line 12.
LaTeX Font Info:    Encoding `OT1' has changed to `EU1' for symbol font
(Font)              `operators' in the math version `normal' on input line 12.
LaTeX Font Info:    Overwriting symbol font `operators' in version `normal'
(Font)                  OT1/cmr/m/n --> EU1/LinuxLibertine(0)/m/n on input line
 12.
LaTeX Font Info:    Encoding `OT1' has changed to `EU1' for symbol font
(Font)              `operators' in the math version `bold' on input line 12.
LaTeX Font Info:    Overwriting symbol font `operators' in version `bold'
(Font)                  OT1/cmr/bx/n --> EU1/LinuxLibertine(0)/m/n on input lin
e 12.
LaTeX Font Info:    Overwriting symbol font `operators' in version `normal'
(Font)                  EU1/LinuxLibertine(0)/m/n --> EU1/LinuxLibertine(0)/m/n
 on input line 12.
LaTeX Font Info:    Overwriting math alphabet `\mathrm' in version `normal'
(Font)                  EU1/LinuxLibertine(0)/m/n --> EU1/LinuxLibertine(0)/m/n
 on input line 12.
LaTeX Font Info:    Overwriting math alphabet `\mathit' in version `normal'
(Font)                  OT1/cmr/m/it --> EU1/LinuxLibertine(0)/m/it on input li
ne 12.
LaTeX Font Info:    Overwriting math alphabet `\mathbf' in version `normal'
(Font)                  OT1/cmr/bx/n --> EU1/LinuxLibertine(0)/bx/n on input li
ne 12.
LaTeX Font Info:    Overwriting math alphabet `\mathsf' in version `normal'
(Font)                  OT1/cmss/m/n --> EU1/lmss/m/n on input line 12.
LaTeX Font Info:    Overwriting math alphabet `\mathtt' in version `normal'
(Font)                  OT1/cmtt/m/n --> EU1/lmtt/m/n on input line 12.
LaTeX Font Info:    Overwriting symbol font `operators' in version `bold'
(Font)                  EU1/LinuxLibertine(0)/m/n --> EU1/LinuxLibertine(0)/bx/
n on input line 12.
LaTeX Font Info:    Overwriting math alphabet `\mathrm' in version `bold'
(Font)                  EU1/LinuxLibertine(0)/m/n --> EU1/LinuxLibertine(0)/bx/
n on input line 12.
LaTeX Font Info:    Overwriting math alphabet `\mathit' in version `bold'
(Font)                  OT1/cmr/bx/it --> EU1/LinuxLibertine(0)/bx/it on input 
line 12.
LaTeX Font Info:    Overwriting math alphabet `\mathsf' in version `bold'
(Font)                  OT1/cmss/bx/n --> EU1/lmss/bx/n on input line 12.
LaTeX Font Info:    Overwriting math alphabet `\mathtt' in version `bold'
(Font)                  OT1/cmtt/m/n --> EU1/lmtt/bx/n on input line 12.
LaTeX Font Info:    Redeclaring math alphabet \mathrm on input line 12.

*geometry* driver: auto-detecting
*geometry* detected driver: xetex
*geometry* verbose mode - [ preamble ] result:
* driver: xetex
* paper: custom
* layout: <same size as paper>
* layoutoffset:(h,v)=(0.0pt,0.0pt)
* hratio: 1:1
* vratio: 1:1
* modes: twoside 
* h-part:(L,W,R)=(61.0748pt, 390.0pt, 61.0748pt)
* v-part:(T,H,B)=(62.20668pt, 530.0pt, 62.2067pt)
* \paperwidth=512.1496pt
* \paperheight=654.41338pt
* \textwidth=390.0pt
* \textheight=530.0pt
* \oddsidemargin=-11.19519pt
* \evensidemargin=-11.19519pt
* \topmargin=-40.1308pt
* \headheight=12.0pt
* \headsep=18.06749pt
* \topskip=10.0pt
* \footskip=25.29494pt
* \marginparwidth=50.0pt
* \marginparsep=10.0pt
* \columnsep=10.0pt
* \skip\footins=9.0pt plus 4.0pt minus 2.0pt
* \hoffset=0.0pt
* \voffset=0.0pt
* \mag=1000
* \@twocolumnfalse
* \@twosidetrue
* \@mparswitchtrue
* \@reversemarginfalse
* (1in=72.27pt=25.4mm, 1cm=28.453pt)

\AtBeginShipoutBox=\box84
Package hyperref Info: Link coloring OFF on input line 12.
(/usr/local/texlive/2014/texmf-dist/tex/latex/hyperref/nameref.sty
Package: nameref 2012/10/27 v2.43 Cross-referencing by name of section

(/usr/local/texlive/2014/texmf-dist/tex/generic/oberdiek/gettitlestring.sty
Package: gettitlestring 2010/12/03 v1.4 Cleanup title references (HO)
)
\c@section@level=\count193
)
LaTeX Info: Redefining \ref on input line 12.
LaTeX Info: Redefining \pageref on input line 12.
LaTeX Info: Redefining \nameref on input line 12.

(./ACM-cheat-sheet.out) (./ACM-cheat-sheet.out)
\@outlinefile=\write5
\openout5 = `ACM-cheat-sheet.out'.


*************************************************
* LaTeX warning: "xparse/redefine-command"
* 
* Redefining document command \Pifont with arg. spec. 'm' on line 12.
*************************************************
\openout2 = `title.aux'.

(./title.tex (./abstract.tex)) [1



] (./ACM-cheat-sheet.toc

LaTeX Font Warning: Font shape `OMX/cmex/m/n' in size <10.54> not available
(Font)              size <10.95> substituted on input line 11.


Underfull \hbox (badness 10000) in paragraph at lines 12--12
 [][] [][]\EU1/LinuxLibertine(0)/m/n/10.54 Remove Duplicates 
 []


Underfull \hbox (badness 10000) in paragraph at lines 19--19
 [][] [][]\EU1/LinuxLibertine(0)/m/n/10.54 Remove Duplicates 
 []


Underfull \hbox (badness 10000) in paragraph at lines 25--25
 [][] [][]\EU1/LinuxLibertine(0)/m/n/10.54 Search in Rotated 
 []


Underfull \hbox (badness 10000) in paragraph at lines 30--30
 [][] [][]\EU1/LinuxLibertine(0)/m/n/10.54 Search in Rotated 
 []


Underfull \hbox (badness 10000) in paragraph at lines 35--35
 [][] [][]\EU1/LinuxLibertine(0)/m/n/10.54 Median of Two 
 []


Underfull \hbox (badness 10000) in paragraph at lines 173--173
 [][] [][]\EU1/LinuxLibertine(0)/m/n/10.54 Remove Duplicates 
 []


Underfull \hbox (badness 10000) in paragraph at lines 179--179
 [][] [][]\EU1/LinuxLibertine(0)/m/n/10.54 Remove Duplicates 
 []


Underfull \hbox (badness 6510) in paragraph at lines 190--190
 [][] [][]\EU1/LinuxLibertine(0)/m/n/10.54 Remove Nth Node 
 []

[2


]
Underfull \hbox (badness 10000) in paragraph at lines 250--250
 [][] [][]\EU1/LinuxLibertine(0)/m/n/10.54 Minimal Phases 
 []


Underfull \hbox (badness 10000) in paragraph at lines 350--350
 [][] [][]\EU1/LinuxLibertine(0)/m/n/10.54 A Simple Problem 
 []


Underfull \hbox (badness 7081) in paragraph at lines 371--371
 [][] [][]\EU1/LinuxLibertine(0)/m/n/10.54 Immediate Decode- 
 []

)
\tf@toc=\write6
\openout6 = `ACM-cheat-sheet.toc'.


Overfull \vbox (16.78072pt too high) has occurred while \output is active []


Overfull \vbox (4.97066pt too high) has occurred while \output is active []



Package Fancyhdr Warning: \headheight is too small (12.0pt): 
 Make it at least 12.64998pt.
 We now make it that large for the rest of the document.
 This may cause the page layout to be inconsistent, however.

[3] [4]
\openout2 = `chapProgrammingTrick.aux'.

 (./chapProgrammingTrick.tex
1
*************************************************
* fontspec warning: "script-not-exist"
* 
* Font 'STFangsong' does not contain script 'CJK'.
*************************************************
\g_fontspec_family_STFangsong_int=\count194
.................................................
. fontspec info: "no-font-shape"
. 
. Could not resolve font STFangsong/I (it probably doesn't exist).
.................................................
.................................................
. fontspec info: "no-font-shape"
. 
. Could not resolve font STFangsong/I (it probably doesn't exist).
.................................................
.................................................
. fontspec info: "defining-font"
. 
. Font family 'STFangsong(0)' created for font 'STFangsong' with options
. [Ligatures=TeX,Script={CJK},AutoFakeBold={4}].
. 
. This font family consists of the following shapes:
. 
. * 'normal' with NFSS spec.:
. <->"STFangsong/ICU:mapping=tex-text;"
. 
. * 'bold' with NFSS spec.:
. <->"STFangsong/ICU:mapping=tex-text;embolden=4;"
.................................................
LaTeX Font Info:    Try loading font information for EU1+lmtt on input line 3.
(/usr/local/texlive/2014/texmf-dist/tex/latex/euenc/eu1lmtt.fd
File: eu1lmtt.fd 2009/10/30 v1.6 Font defs for Latin Modern
)) [1



] [2]
\openout2 = `chapLinearList.aux'.


(./chapLinearList.tex
2
\g_fontspec_family_Latin Modern Mono_int=\count195
.................................................
. fontspec info: "no-font-shape"
. 
. Could not resolve font Latin Modern Mono/B (it probably doesn't exist).
.................................................
.................................................
. fontspec info: "defining-font"
. 
. Font family 'LatinModernMono(0)' created for font 'Latin Modern Mono' with
. options [Ligatures=TeX,].
. 
. This font family consists of the following shapes:
. 
. * 'normal' with NFSS spec.:
. <->"Latin Modern Mono/ICU:script=latn;language=DFLT;mapping=tex-text;"
. 
. * 'italic' with NFSS spec.:
. <->"Latin Modern Mono/I/ICU:script=latn;language=DFLT;mapping=tex-text;"
. 
. * 'bold italic' with NFSS spec.:
. <->"Latin Modern Mono/BI/ICU:script=latn;language=DFLT;mapping=tex-text;"
.................................................
.................................................
. fontspec info: "defining-font"
. 
. Font family 'LatinModernMono(0)' created for font 'Latin Modern Mono' with
. options [Ligatures=TeX,].
. 
. This font family consists of the following shapes:
.................................................
[3



]
.................................................
. fontspec info: "defining-font"
. 
. Font family 'LatinModernMono(0)' created for font 'Latin Modern Mono' with
. options [Ligatures=TeX,].
. 
. This font family consists of the following shapes:
.................................................
.................................................
. fontspec info: "defining-font"
. 
. Font family 'LatinModernMono(0)' created for font 'Latin Modern Mono' with
. options [Ligatures=TeX,].
. 
. This font family consists of the following shapes:
.................................................
 [4] [5]
.................................................
. fontspec info: "defining-font"
. 
. Font family 'LatinModernMono(0)' created for font 'Latin Modern Mono' with
. options [Ligatures=TeX,].
. 
. This font family consists of the following shapes:
.................................................
.................................................
. fontspec info: "defining-font"
. 
. Font family 'LatinModernMono(0)' created for font 'Latin Modern Mono' with
. options [Ligatures=TeX,].
. 
. This font family consists of the following shapes:
.................................................
 [6]
.................................................
. fontspec info: "defining-font"
. 
. Font family 'LatinModernMono(0)' created for font 'Latin Modern Mono' with
. options [Ligatures=TeX,].
. 
. This font family consists of the following shapes:
.................................................
 [7] [8]
.................................................
. fontspec info: "defining-font"
. 
. Font family 'LatinModernMono(0)' created for font 'Latin Modern Mono' with
. options [Ligatures=TeX,].
. 
. This font family consists of the following shapes:
.................................................
.................................................
. fontspec info: "defining-font"
. 
. Font family 'LatinModernMono(0)' created for font 'Latin Modern Mono' with
. options [Ligatures=TeX,].
. 
. This font family consists of the following shapes:
.................................................
 [9] [10] [11]
.................................................
. fontspec info: "defining-font"
. 
. Font family 'LatinModernMono(0)' created for font 'Latin Modern Mono' with
. options [Ligatures=TeX,].
. 
. This font family consists of the following shapes:
.................................................
.................................................
. fontspec info: "defining-font"
. 
. Font family 'LatinModernMono(0)' created for font 'Latin Modern Mono' with
. options [Ligatures=TeX,].
. 
. This font family consists of the following shapes:
.................................................
 [12]
.................................................
. fontspec info: "defining-font"
. 
. Font family 'LatinModernMono(0)' created for font 'Latin Modern Mono' with
. options [Ligatures=TeX,].
. 
. This font family consists of the following shapes:
.................................................
 [13]
.................................................
. fontspec info: "defining-font"
. 
. Font family 'LatinModernMono(0)' created for font 'Latin Modern Mono' with
. options [Ligatures=TeX,].
. 
. This font family consists of the following shapes:
.................................................
.................................................
. fontspec info: "defining-font"
. 
. Font family 'LatinModernMono(0)' created for font 'Latin Modern Mono' with
. options [Ligatures=TeX,].
. 
. This font family consists of the following shapes:
.................................................
.................................................
. fontspec info: "defining-font"
. 
. Font family 'LatinModernMono(0)' created for font 'Latin Modern Mono' with
. options [Ligatures=TeX,].
. 
. This font family consists of the following shapes:
.................................................
 [14]
.................................................
. fontspec info: "defining-font"
. 
. Font family 'LatinModernMono(0)' created for font 'Latin Modern Mono' with
. options [Ligatures=TeX,].
. 
. This font family consists of the following shapes:
.................................................
.................................................
. fontspec info: "defining-font"
. 
. Font family 'LatinModernMono(0)' created for font 'Latin Modern Mono' with
. options [Ligatures=TeX,].
. 
. This font family consists of the following shapes:
.................................................
 [15] [16] [17] [18]
[19]
File: diagrams/next-permutation.png Graphic file (type QTm)
 <use  "diagrams/next-permutation.png" > [20] [21]

LaTeX Warning: Reference `sec:permutations' on page 22 undefined on input line 
994.


LaTeX Warning: Reference `sec:permutations-ii' on page 22 undefined on input li
ne 995.


LaTeX Warning: Reference `sec:combinations' on page 22 undefined on input line 
996.

[22] [23]

LaTeX Warning: Reference `sec:permutations' on page 24 undefined on input line 
1118.


LaTeX Warning: Reference `sec:permutations-ii' on page 24 undefined on input li
ne 1119.


LaTeX Warning: Reference `sec:combinations' on page 24 undefined on input line 
1120.


Underfull \hbox (badness 10000) in paragraph at lines 1129--1131
[]\EU1/LinuxLibertine(0)/m/n/9.03 Determine if a Sudoku is valid, according to:
 Sudoku Puzzles - The Rules
 []

[24]
File: diagrams/sudoku.png Graphic file (type QTm)
 <use  "diagrams/sudoku.png" > [25]

LaTeX Warning: Reference `sec:sudoku-solver' on page 26 undefined on input line
 1193.

.................................................
. fontspec info: "defining-font"
. 
. Font family 'LatinModernMono(0)' created for font 'Latin Modern Mono' with
. options [Ligatures=TeX,].
. 
. This font family consists of the following shapes:
.................................................
File: diagrams/trapping-rain-water.png Graphic file (type QTm)
<use  "diagrams/trapping-rain-water.png" > [26]
.................................................
. fontspec info: "defining-font"
. 
. Font family 'LatinModernMono(0)' created for font 'Latin Modern Mono' with
. options [Ligatures=TeX,].
. 
. This font family consists of the following shapes:
.................................................
 [27] [28]

LaTeX Warning: Reference `sec:container-with-most-water' on page 29 undefined o
n input line 1327.


LaTeX Warning: Reference `sec:largest-rectangle-in-histogram' on page 29 undefi
ned on input line 1329.

File: diagrams/rotate-image.png Graphic file (type QTm)
<use  "diagrams/rotate-image.png" > [29] [30] [31] [32]

LaTeX Warning: Reference `sec:decode-ways' on page 33 undefined on input line 1
541.

[33]
File: diagrams/gray-code-construction.png Graphic file (type QTm)
 <use  "diagrams/gray-code-construction.png" > [34] [35] [36] [37] [38]
[39] [40] [41] [42]
.................................................
. fontspec info: "defining-font"
. 
. Font family 'LatinModernMono(0)' created for font 'Latin Modern Mono' with
. options [Ligatures=TeX,].
. 
. This font family consists of the following shapes:
.................................................
.................................................
. fontspec info: "defining-font"
. 
. Font family 'LatinModernMono(0)' created for font 'Latin Modern Mono' with
. options [Ligatures=TeX,].
. 
. This font family consists of the following shapes:
.................................................


LaTeX Warning: Reference `sec:add-binary' on page 43 undefined on input line 20
79.

[43]

LaTeX Warning: Reference `sec:add-binary' on page 44 undefined on input line 21
15.

.................................................
. fontspec info: "defining-font"
. 
. Font family 'LatinModernMono(0)' created for font 'Latin Modern Mono' with
. options [Ligatures=TeX,].
. 
. This font family consists of the following shapes:
.................................................
.................................................
. fontspec info: "defining-font"
. 
. Font family 'LatinModernMono(0)' created for font 'Latin Modern Mono' with
. options [Ligatures=TeX,].
. 
. This font family consists of the following shapes:
.................................................
[44]
.................................................
. fontspec info: "defining-font"
. 
. Font family 'LatinModernMono(0)' created for font 'Latin Modern Mono' with
. options [Ligatures=TeX,].
. 
. This font family consists of the following shapes:
.................................................
.................................................
. fontspec info: "defining-font"
. 
. Font family 'LatinModernMono(0)' created for font 'Latin Modern Mono' with
. options [Ligatures=TeX,].
. 
. This font family consists of the following shapes:
.................................................
.................................................
. fontspec info: "defining-font"
. 
. Font family 'LatinModernMono(0)' created for font 'Latin Modern Mono' with
. options [Ligatures=TeX,].
. 
. This font family consists of the following shapes:
.................................................
 [45]
.................................................
. fontspec info: "defining-font"
. 
. Font family 'LatinModernMono(0)' created for font 'Latin Modern Mono' with
. options [Ligatures=TeX,].
. 
. This font family consists of the following shapes:
.................................................
.................................................
. fontspec info: "defining-font"
. 
. Font family 'LatinModernMono(0)' created for font 'Latin Modern Mono' with
. options [Ligatures=TeX,].
. 
. This font family consists of the following shapes:
.................................................
.................................................
. fontspec info: "defining-font"
. 
. Font family 'LatinModernMono(0)' created for font 'Latin Modern Mono' with
. options [Ligatures=TeX,].
. 
. This font family consists of the following shapes:
.................................................
.................................................
. fontspec info: "defining-font"
. 
. Font family 'LatinModernMono(0)' created for font 'Latin Modern Mono' with
. options [Ligatures=TeX,].
. 
. This font family consists of the following shapes:
.................................................
 [46] [47]
.................................................
. fontspec info: "defining-font"
. 
. Font family 'LatinModernMono(0)' created for font 'Latin Modern Mono' with
. options [Ligatures=TeX,].
. 
. This font family consists of the following shapes:
.................................................
.................................................
. fontspec info: "defining-font"
. 
. Font family 'LatinModernMono(0)' created for font 'Latin Modern Mono' with
. options [Ligatures=TeX,].
. 
. This font family consists of the following shapes:
.................................................
.................................................
. fontspec info: "defining-font"
. 
. Font family 'LatinModernMono(0)' created for font 'Latin Modern Mono' with
. options [Ligatures=TeX,].
. 
. This font family consists of the following shapes:
.................................................
.................................................
. fontspec info: "defining-font"
. 
. Font family 'LatinModernMono(0)' created for font 'Latin Modern Mono' with
. options [Ligatures=TeX,].
. 
. This font family consists of the following shapes:
.................................................
 [48]
.................................................
. fontspec info: "defining-font"
. 
. Font family 'LatinModernMono(0)' created for font 'Latin Modern Mono' with
. options [Ligatures=TeX,].
. 
. This font family consists of the following shapes:
.................................................
.................................................
. fontspec info: "defining-font"
. 
. Font family 'LatinModernMono(0)' created for font 'Latin Modern Mono' with
. options [Ligatures=TeX,].
. 
. This font family consists of the following shapes:
.................................................
.................................................
. fontspec info: "defining-font"
. 
. Font family 'LatinModernMono(0)' created for font 'Latin Modern Mono' with
. options [Ligatures=TeX,].
. 
. This font family consists of the following shapes:
.................................................
 [49]
.................................................
. fontspec info: "defining-font"
. 
. Font family 'LatinModernMono(0)' created for font 'Latin Modern Mono' with
. options [Ligatures=TeX,].
. 
. This font family consists of the following shapes:
.................................................
.................................................
. fontspec info: "defining-font"
. 
. Font family 'LatinModernMono(0)' created for font 'Latin Modern Mono' with
. options [Ligatures=TeX,].
. 
. This font family consists of the following shapes:
.................................................
 [50]
.................................................
. fontspec info: "defining-font"
. 
. Font family 'LatinModernMono(0)' created for font 'Latin Modern Mono' with
. options [Ligatures=TeX,].
. 
. This font family consists of the following shapes:
.................................................
.................................................
. fontspec info: "defining-font"
. 
. Font family 'LatinModernMono(0)' created for font 'Latin Modern Mono' with
. options [Ligatures=TeX,].
. 
. This font family consists of the following shapes:
.................................................
 [51]
.................................................
. fontspec info: "defining-font"
. 
. Font family 'LatinModernMono(0)' created for font 'Latin Modern Mono' with
. options [Ligatures=TeX,].
. 
. This font family consists of the following shapes:
.................................................
.................................................
. fontspec info: "defining-font"
. 
. Font family 'LatinModernMono(0)' created for font 'Latin Modern Mono' with
. options [Ligatures=TeX,].
. 
. This font family consists of the following shapes:
.................................................
 [52]
.................................................
. fontspec info: "defining-font"
. 
. Font family 'LatinModernMono(0)' created for font 'Latin Modern Mono' with
. options [Ligatures=TeX,].
. 
. This font family consists of the following shapes:
.................................................
 [53] [54] [55] [56] [57] [58]
[59]) [60]
\openout2 = `chapString.aux'.

 (./chapString.tex
3
[61



] [62] [63] [64] [65] [66] [67]
Underfull \hbox (badness 10000) in paragraph at lines 365--366
[]\EU1/STSong(0)/m/n/9.03                   \EU1/LinuxLibe
rtine(0)/m/n/9.03 Boyer-Moore \EU1/STSong(0)/m/n/9.03  |
 []


Underfull \hbox (badness 1377) in paragraph at lines 365--366
\EU1/PTSansNarrow(0)/m/n/9.03 http://www.ruanyifeng.com/blog/2013/05/boyer-moor
e_-string_-search_-algorithm.html\EU1/STSong(0)/m/n/9.03 |     |     
 
 []

[68] [69] [70] [71] [72]) [73]
\openout2 = `chapStackAndQueue.aux'.

 (./chapStackAndQueue.tex
4
File: diagrams/Tower-of-Hanoi.png Graphic file (type QTm)
<use  "diagrams/Tower-of-Hanoi.png" > [74



] [75] [76] [77] [78]) [79]
\openout2 = `chapTree.aux'.


(./chapTree.tex
5
[80



] [81] [82] [83]
File: diagrams/threaded-binary-tree.png Graphic file (type QTm)
 <use  "diagrams/threaded-binary-tree.png" > [84] [85]
[86]
File: diagrams/inorder-morris-traversal.png Graphic file (type QTm)
 <use  "diagrams/inorder-morris-traversal.png" > [87]
File: diagrams/preorder-morris-traversal.png Graphic file (type QTm)

<use  "diagrams/preorder-morris-traversal.png" > [88]
File: diagrams/postorder-morris-traversal.png Graphic file (type QTm)

<use  "diagrams/postorder-morris-traversal.png" > [89] [90] [91] [92] [93]
[94] [95] [96] [97] [98] [99] [100] [101] [102]
File: diagrams/ufs1.png Graphic file (type QTm)
 <use  "diagrams/ufs1.png" >
File: diagrams/ufs2.png Graphic file (type QTm)

<use  "diagrams/ufs2.png" >
File: diagrams/ufs3.png Graphic file (type QTm)
 <use  "diagrams/ufs3.png" > [103] [104] [105]
[106] [107] [108] [109] [110] [111] [112] [113] [114] [115] [116] [117]
[118] [119] [120] [121] [122] [123] [124] [125] [126] [127] [128] [129]
[130] [131] [132] [133] [134] [135] [136] [137] [138]) [139]
\openout2 = `chapSearching.aux'.


(./chapSearching.tex
6
[140



] [141] [142] [143] [144] [145]) [146]
No file ACM-cheat-sheet.ind.
Package atveryend Info: Empty hook `BeforeClearDocument' on input line 56.
Package atveryend Info: Empty hook `AfterLastShipout' on input line 56.
(./ACM-cheat-sheet.aux (./title.aux) (./chapProgrammingTrick.aux)
(./chapLinearList.aux) (./chapString.aux) (./chapStackAndQueue.aux)
(./chapTree.aux) (./chapSearching.aux))
Package atveryend Info: Empty hook `AtVeryEndDocument' on input line 56.
Package atveryend Info: Empty hook `AtEndAfterFileList' on input line 56.


LaTeX Font Warning: Size substitutions with differences
(Font)              up to 0.41pt have occurred.


LaTeX Warning: There were undefined references.

 ) 
Here is how much of TeX's memory you used:
 27845 strings out of 493734
 532500 string characters out of 6146348
 657134 words of memory out of 5000000
 30697 multiletter control sequences out of 15000+600000
 11563 words of font info for 89 fonts, out of 8000000 for 9000
 1328 hyphenation exceptions out of 8191
 63i,12n,58p,10377b,566s stack positions out of 5000i,500n,10000p,200000b,80000s

Output written on ACM-cheat-sheet.pdf (150 pages).
